#
# There is insufficient memory for the Java Runtime Environment to continue.
# Native memory allocation (malloc) failed to allocate 1135216 bytes. Error detail: Chunk::new
# Possible reasons:
#   The system is out of physical RAM or swap space
#   This process is running with CompressedOops enabled, and the Java Heap may be blocking the growth of the native heap
# Possible solutions:
#   Reduce memory load on the system
#   Increase physical memory or swap space
#   Check if swap backing store is full
#   Decrease Java heap size (-Xmx/-Xms)
#   Decrease number of Java threads
#   Decrease Java thread stack sizes (-Xss)
#   Set larger code cache with -XX:ReservedCodeCacheSize=
#   JVM is running with Unscaled Compressed Oops mode in which the Java heap is
#     placed in the first 4GB address space. The Java Heap base address is the
#     maximum limit for the native heap growth. Please use -XX:HeapBaseMinAddress
#     to set the Java Heap base and to place the Java Heap above 4GB virtual address.
# This output file may be truncated or incomplete.
#
#  Out of Memory Error (arena.cpp:168), pid=2488, tid=8668
#
# JRE version: OpenJDK Runtime Environment (21.0.6) (build 21.0.6+-13368085-b895.109)
# Java VM: OpenJDK 64-Bit Server VM (21.0.6+-13368085-b895.109, mixed mode, tiered, compressed oops, compressed class ptrs, g1 gc, windows-amd64)
# No core dump will be written. Minidumps are not enabled by default on client versions of Windows
#

---------------  S U M M A R Y ------------

Command Line: --add-opens=java.base/java.lang=ALL-UNNAMED --add-opens=java.base/java.lang.invoke=ALL-UNNAMED --add-opens=java.base/java.util=ALL-UNNAMED --add-opens=java.prefs/java.util.prefs=ALL-UNNAMED --add-exports=jdk.compiler/com.sun.tools.javac.api=ALL-UNNAMED --add-exports=jdk.compiler/com.sun.tools.javac.util=ALL-UNNAMED --add-opens=java.base/java.util=ALL-UNNAMED --add-opens=java.prefs/java.util.prefs=ALL-UNNAMED --add-opens=java.base/java.nio.charset=ALL-UNNAMED --add-opens=java.base/java.net=ALL-UNNAMED --add-opens=java.base/java.util.concurrent.atomic=ALL-UNNAMED --add-opens=java.xml/javax.xml.namespace=ALL-UNNAMED -Xmx2048m -Dfile.encoding=UTF-8 -Duser.country=ID -Duser.language=en -Duser.variant -javaagent:C:\Users\User\AndroidStudioProjects\LatNavigation\wrapper\dists\gradle-8.11.1-bin\bpt9gzteqjrbo1mjrsomdt32c\gradle-8.11.1\lib\agents\gradle-instrumentation-agent-8.11.1.jar org.gradle.launcher.daemon.bootstrap.GradleDaemon 8.11.1

Host: AMD Ryzen 3 7320U with Radeon Graphics         , 8 cores, 7G,  Windows 11 , 64 bit Build 26100 (10.0.26100.4202)
Time: Sat Jun 21 01:08:51 2025 SE Asia Standard Time elapsed time: 10.497243 seconds (0d 0h 0m 10s)

---------------  T H R E A D  ---------------

Current thread (0x00000280bc085900):  JavaThread "C2 CompilerThread0" daemon [_thread_in_native, id=8668, stack(0x0000009c9b400000,0x0000009c9b500000) (1024K)]


Current CompileTask:
C2:10497 7785       4       org.gradle.cache.internal.btree.FreeListBlockStore::read (12 bytes)

Stack: [0x0000009c9b400000,0x0000009c9b500000]
Native frames: (J=compiled Java code, j=interpreted, Vv=VM code, C=native code)
V  [jvm.dll+0x6d0639]
V  [jvm.dll+0x85eb03]
V  [jvm.dll+0x86105e]
V  [jvm.dll+0x861743]
V  [jvm.dll+0x27e6e6]
V  [jvm.dll+0xbff6d]
V  [jvm.dll+0xc04a3]
V  [jvm.dll+0x3b61ab]
V  [jvm.dll+0x3820c7]
V  [jvm.dll+0x38153a]
V  [jvm.dll+0x247c82]
V  [jvm.dll+0x247251]
V  [jvm.dll+0x1c5f04]
V  [jvm.dll+0x2569ac]
V  [jvm.dll+0x254ef6]
V  [jvm.dll+0x3f0e96]
V  [jvm.dll+0x806ed8]
V  [jvm.dll+0x6cef0d]
C  [ucrtbase.dll+0x37b0]
C  [KERNEL32.DLL+0x2e8d7]
C  [ntdll.dll+0x3c34c]


---------------  P R O C E S S  ---------------

Threads class SMR info:
_java_thread_list=0x00000280bf686f60, length=54, elements={
0x00000280a0799ed0, 0x00000280bc083df0, 0x00000280bc060700, 0x00000280bc06b3d0,
0x00000280bc06c100, 0x00000280bc06cb50, 0x00000280bc084f70, 0x00000280bc085900,
0x00000280bc0aa5e0, 0x00000280bc154230, 0x00000280bc39ee90, 0x00000280bc0a7630,
0x00000280bdf66e40, 0x00000280bde34b20, 0x00000280bdd777f0, 0x00000280bddc6060,
0x00000280be183b10, 0x00000280bdf16b30, 0x00000280bdf12870, 0x00000280bdeb9fe0,
0x00000280bdd605f0, 0x00000280bdd60c80, 0x00000280bdd5e520, 0x00000280bdd5f240,
0x00000280bdd5ebb0, 0x00000280bdd5f8d0, 0x00000280bdd5ff60, 0x00000280bdd5de90,
0x00000280bdd5d800, 0x00000280c12bb2c0, 0x00000280c12bda20, 0x00000280c12be0b0,
0x00000280c12bc670, 0x00000280c0989a10, 0x00000280c098c170, 0x00000280c098dbb0,
0x00000280c098bae0, 0x00000280c098c800, 0x00000280c098d520, 0x00000280c098e240,
0x00000280c098adc0, 0x00000280c098b450, 0x00000280c09909a0, 0x00000280c0990310,
0x00000280c098e8d0, 0x00000280c0991030, 0x00000280c098ef60, 0x00000280c2214270,
0x00000280c2216340, 0x00000280c2213550, 0x00000280c2214f90, 0x00000280c2213be0,
0x00000280c2212ec0, 0x00000280c22169d0
}

Java Threads: ( => current thread )
  0x00000280a0799ed0 JavaThread "main"                              [_thread_blocked, id=13496, stack(0x0000009c9a600000,0x0000009c9a700000) (1024K)]
  0x00000280bc083df0 JavaThread "Reference Handler"          daemon [_thread_blocked, id=16440, stack(0x0000009c9ae00000,0x0000009c9af00000) (1024K)]
  0x00000280bc060700 JavaThread "Finalizer"                  daemon [_thread_blocked, id=10368, stack(0x0000009c9af00000,0x0000009c9b000000) (1024K)]
  0x00000280bc06b3d0 JavaThread "Signal Dispatcher"          daemon [_thread_blocked, id=12772, stack(0x0000009c9b000000,0x0000009c9b100000) (1024K)]
  0x00000280bc06c100 JavaThread "Attach Listener"            daemon [_thread_blocked, id=17652, stack(0x0000009c9b100000,0x0000009c9b200000) (1024K)]
  0x00000280bc06cb50 JavaThread "Service Thread"             daemon [_thread_blocked, id=2532, stack(0x0000009c9b200000,0x0000009c9b300000) (1024K)]
  0x00000280bc084f70 JavaThread "Monitor Deflation Thread"   daemon [_thread_blocked, id=10624, stack(0x0000009c9b300000,0x0000009c9b400000) (1024K)]
=>0x00000280bc085900 JavaThread "C2 CompilerThread0"         daemon [_thread_in_native, id=8668, stack(0x0000009c9b400000,0x0000009c9b500000) (1024K)]
  0x00000280bc0aa5e0 JavaThread "C1 CompilerThread0"         daemon [_thread_blocked, id=3440, stack(0x0000009c9b500000,0x0000009c9b600000) (1024K)]
  0x00000280bc154230 JavaThread "Common-Cleaner"             daemon [_thread_blocked, id=6844, stack(0x0000009c9b600000,0x0000009c9b700000) (1024K)]
  0x00000280bc39ee90 JavaThread "Notification Thread"        daemon [_thread_blocked, id=16024, stack(0x0000009c9b700000,0x0000009c9b800000) (1024K)]
  0x00000280bc0a7630 JavaThread "C2 CompilerThread1"         daemon [_thread_in_native, id=17096, stack(0x0000009c9b800000,0x0000009c9b900000) (1024K)]
  0x00000280bdf66e40 JavaThread "Daemon health stats"               [_thread_blocked, id=15248, stack(0x0000009c9be00000,0x0000009c9bf00000) (1024K)]
  0x00000280bde34b20 JavaThread "Incoming local TCP Connector on port 56808"        [_thread_in_native, id=14596, stack(0x0000009c9b900000,0x0000009c9ba00000) (1024K)]
  0x00000280bdd777f0 JavaThread "Daemon periodic checks"            [_thread_blocked, id=4788, stack(0x0000009c9bf00000,0x0000009c9c000000) (1024K)]
  0x00000280bddc6060 JavaThread "Daemon"                            [_thread_blocked, id=12248, stack(0x0000009c9c000000,0x0000009c9c100000) (1024K)]
  0x00000280be183b10 JavaThread "Handler for socket connection from /127.0.0.1:56808 to /127.0.0.1:56809"        [_thread_in_native, id=14352, stack(0x0000009c9c100000,0x0000009c9c200000) (1024K)]
  0x00000280bdf16b30 JavaThread "Cancel handler"                    [_thread_blocked, id=13944, stack(0x0000009c9c200000,0x0000009c9c300000) (1024K)]
  0x00000280bdf12870 JavaThread "Daemon worker"                     [_thread_blocked, id=9636, stack(0x0000009c9c300000,0x0000009c9c400000) (1024K)]
  0x00000280bdeb9fe0 JavaThread "Asynchronous log dispatcher for DefaultDaemonConnection: socket connection from /127.0.0.1:56808 to /127.0.0.1:56809"        [_thread_blocked, id=5376, stack(0x0000009c9c400000,0x0000009c9c500000) (1024K)]
  0x00000280bdd605f0 JavaThread "Stdin handler"                     [_thread_blocked, id=16772, stack(0x0000009c9c500000,0x0000009c9c600000) (1024K)]
  0x00000280bdd60c80 JavaThread "Daemon client event forwarder"        [_thread_blocked, id=15320, stack(0x0000009c9c600000,0x0000009c9c700000) (1024K)]
  0x00000280bdd5e520 JavaThread "Cache worker for journal cache (C:\Users\User\AndroidStudioProjects\LatNavigation\caches\journal-1)"        [_thread_blocked, id=10756, stack(0x0000009c9cb00000,0x0000009c9cc00000) (1024K)]
  0x00000280bdd5f240 JavaThread "File lock request listener"        [_thread_in_native, id=7128, stack(0x0000009c9cc00000,0x0000009c9cd00000) (1024K)]
  0x00000280bdd5ebb0 JavaThread "Cache worker for file hash cache (C:\Users\User\AndroidStudioProjects\LatNavigation\caches\8.11.1\fileHashes)"        [_thread_blocked, id=7240, stack(0x0000009c9cd00000,0x0000009c9ce00000) (1024K)]
  0x00000280bdd5f8d0 JavaThread "Cache worker for file content cache (C:\Users\User\AndroidStudioProjects\LatNavigation\caches\8.11.1\fileContent)"        [_thread_blocked, id=8032, stack(0x0000009c9ce00000,0x0000009c9cf00000) (1024K)]
  0x00000280bdd5ff60 JavaThread "Cache worker for file hash cache (C:\Users\User\AndroidStudioProjects\studentpredictor2\.gradle\8.11.1\fileHashes)"        [_thread_blocked, id=8, stack(0x0000009c9cf00000,0x0000009c9d000000) (1024K)]
  0x00000280bdd5de90 JavaThread "Cache worker for Build Output Cleanup Cache (C:\Users\User\AndroidStudioProjects\studentpredictor2\.gradle\buildOutputCleanup)"        [_thread_blocked, id=6828, stack(0x0000009c9d000000,0x0000009c9d100000) (1024K)]
  0x00000280bdd5d800 JavaThread "File watcher server"        daemon [_thread_in_native, id=4552, stack(0x0000009c9d100000,0x0000009c9d200000) (1024K)]
  0x00000280c12bb2c0 JavaThread "File watcher consumer"      daemon [_thread_blocked, id=2228, stack(0x0000009c9d200000,0x0000009c9d300000) (1024K)]
  0x00000280c12bda20 JavaThread "Cache worker for checksums cache (C:\Users\User\AndroidStudioProjects\studentpredictor2\.gradle\8.11.1\checksums)"        [_thread_blocked, id=17136, stack(0x0000009c9d300000,0x0000009c9d400000) (1024K)]
  0x00000280c12be0b0 JavaThread "Cache worker for cache directory md-rule (C:\Users\User\AndroidStudioProjects\LatNavigation\caches\8.11.1\md-rule)"        [_thread_blocked, id=18024, stack(0x0000009c9d400000,0x0000009c9d500000) (1024K)]
  0x00000280c12bc670 JavaThread "Cache worker for cache directory md-supplier (C:\Users\User\AndroidStudioProjects\LatNavigation\caches\8.11.1\md-supplier)"        [_thread_blocked, id=13516, stack(0x0000009c9d500000,0x0000009c9d600000) (1024K)]
  0x00000280c0989a10 JavaThread "Unconstrained build operations"        [_thread_blocked, id=7656, stack(0x0000009c9d600000,0x0000009c9d700000) (1024K)]
  0x00000280c098c170 JavaThread "Unconstrained build operations Thread 2"        [_thread_blocked, id=13472, stack(0x0000009c9d700000,0x0000009c9d800000) (1024K)]
  0x00000280c098dbb0 JavaThread "Unconstrained build operations Thread 3"        [_thread_blocked, id=13652, stack(0x0000009c9d800000,0x0000009c9d900000) (1024K)]
  0x00000280c098bae0 JavaThread "Unconstrained build operations Thread 4"        [_thread_blocked, id=17820, stack(0x0000009c9d900000,0x0000009c9da00000) (1024K)]
  0x00000280c098c800 JavaThread "Unconstrained build operations Thread 5"        [_thread_blocked, id=15648, stack(0x0000009c9da00000,0x0000009c9db00000) (1024K)]
  0x00000280c098d520 JavaThread "Unconstrained build operations Thread 6"        [_thread_blocked, id=3972, stack(0x0000009c9db00000,0x0000009c9dc00000) (1024K)]
  0x00000280c098e240 JavaThread "Unconstrained build operations Thread 7"        [_thread_blocked, id=17656, stack(0x0000009c9dc00000,0x0000009c9dd00000) (1024K)]
  0x00000280c098adc0 JavaThread "Unconstrained build operations Thread 8"        [_thread_blocked, id=7804, stack(0x0000009c9dd00000,0x0000009c9de00000) (1024K)]
  0x00000280c098b450 JavaThread "Unconstrained build operations Thread 9"        [_thread_blocked, id=8820, stack(0x0000009c9de00000,0x0000009c9df00000) (1024K)]
  0x00000280c09909a0 JavaThread "Unconstrained build operations Thread 10"        [_thread_blocked, id=4064, stack(0x0000009c9df00000,0x0000009c9e000000) (1024K)]
  0x00000280c0990310 JavaThread "Unconstrained build operations Thread 11"        [_thread_blocked, id=4692, stack(0x0000009c9e000000,0x0000009c9e100000) (1024K)]
  0x00000280c098e8d0 JavaThread "Unconstrained build operations Thread 12"        [_thread_blocked, id=10404, stack(0x0000009c9e100000,0x0000009c9e200000) (1024K)]
  0x00000280c0991030 JavaThread "Unconstrained build operations Thread 13"        [_thread_blocked, id=5580, stack(0x0000009c9e200000,0x0000009c9e300000) (1024K)]
  0x00000280c098ef60 JavaThread "Unconstrained build operations Thread 14"        [_thread_blocked, id=13336, stack(0x0000009c9e300000,0x0000009c9e400000) (1024K)]
  0x00000280c2214270 JavaThread "Unconstrained build operations Thread 15"        [_thread_blocked, id=11128, stack(0x0000009c9e400000,0x0000009c9e500000) (1024K)]
  0x00000280c2216340 JavaThread "Unconstrained build operations Thread 16"        [_thread_blocked, id=8272, stack(0x0000009c9e500000,0x0000009c9e600000) (1024K)]
  0x00000280c2213550 JavaThread "Unconstrained build operations Thread 17"        [_thread_blocked, id=8412, stack(0x0000009c9e600000,0x0000009c9e700000) (1024K)]
  0x00000280c2214f90 JavaThread "Unconstrained build operations Thread 18"        [_thread_blocked, id=10596, stack(0x0000009c9e700000,0x0000009c9e800000) (1024K)]
  0x00000280c2213be0 JavaThread "Unconstrained build operations Thread 19"        [_thread_blocked, id=5396, stack(0x0000009c9e800000,0x0000009c9e900000) (1024K)]
  0x00000280c2212ec0 JavaThread "Unconstrained build operations Thread 20"        [_thread_blocked, id=12372, stack(0x0000009c9e900000,0x0000009c9ea00000) (1024K)]
  0x00000280c22169d0 JavaThread "Unconstrained build operations Thread 21"        [_thread_blocked, id=9148, stack(0x0000009c9ea00000,0x0000009c9eb00000) (1024K)]
Total: 54

Other Threads:
  0x00000280bc010370 VMThread "VM Thread"                           [id=17304, stack(0x0000009c9ad00000,0x0000009c9ae00000) (1024K)]
  0x00000280b7e1af30 WatcherThread "VM Periodic Task Thread"        [id=12220, stack(0x0000009c9ac00000,0x0000009c9ad00000) (1024K)]
  0x00000280a07f4030 WorkerThread "GC Thread#0"                     [id=13016, stack(0x0000009c9a700000,0x0000009c9a800000) (1024K)]
  0x00000280bc9acf60 WorkerThread "GC Thread#1"                     [id=13112, stack(0x0000009c9ba00000,0x0000009c9bb00000) (1024K)]
  0x00000280bcba3850 WorkerThread "GC Thread#2"                     [id=10524, stack(0x0000009c9bb00000,0x0000009c9bc00000) (1024K)]
  0x00000280bd1f5e30 WorkerThread "GC Thread#3"                     [id=5460, stack(0x0000009c9bc00000,0x0000009c9bd00000) (1024K)]
  0x00000280bd4c13f0 WorkerThread "GC Thread#4"                     [id=18208, stack(0x0000009c9bd00000,0x0000009c9be00000) (1024K)]
  0x00000280be1c2140 WorkerThread "GC Thread#5"                     [id=1872, stack(0x0000009c9c700000,0x0000009c9c800000) (1024K)]
  0x00000280be1c24e0 WorkerThread "GC Thread#6"                     [id=14296, stack(0x0000009c9c800000,0x0000009c9c900000) (1024K)]
  0x00000280be1c2880 WorkerThread "GC Thread#7"                     [id=10564, stack(0x0000009c9c900000,0x0000009c9ca00000) (1024K)]
  0x00000280a0804f20 ConcurrentGCThread "G1 Main Marker"            [id=11272, stack(0x0000009c9a800000,0x0000009c9a900000) (1024K)]
  0x00000280a0806770 WorkerThread "G1 Conc#0"                       [id=12752, stack(0x0000009c9a900000,0x0000009c9aa00000) (1024K)]
  0x00000280be206830 WorkerThread "G1 Conc#1"                       [id=11004, stack(0x0000009c9ca00000,0x0000009c9cb00000) (1024K)]
  0x00000280b7cef960 ConcurrentGCThread "G1 Refine#0"               [id=12164, stack(0x0000009c9aa00000,0x0000009c9ab00000) (1024K)]
  0x00000280a085e410 ConcurrentGCThread "G1 Service"                [id=13120, stack(0x0000009c9ab00000,0x0000009c9ac00000) (1024K)]
Total: 15

Threads with active compile tasks:
C2 CompilerThread0  10546 7785       4       org.gradle.cache.internal.btree.FreeListBlockStore::read (12 bytes)
C1 CompilerThread0  10546 7973       3       org.gradle.internal.watch.vfs.impl.WatchingVirtualFileSystem$$Lambda/0x00000001006beb30::get (12 bytes)
C2 CompilerThread1  10546 7781       4       org.gradle.cache.internal.btree.CachingBlockStore::read (56 bytes)
Total: 3

VM state: at safepoint (normal execution)

VM Mutex/Monitor currently owned by a thread:  ([mutex/lock_event])
[0x00007ffc2743e2a0] CodeCache_lock - owner thread: 0x00000280bc010370
[0x00007ffc2743e3a0] Threads_lock - owner thread: 0x00000280bc010370
[0x00007ffc2743e4a0] Heap_lock - owner thread: 0x00000280a0804f20

Heap address: 0x0000000080000000, size: 2048 MB, Compressed Oops mode: 32-bit

CDS archive(s) not mapped
Compressed class space mapped at: 0x0000000100000000-0x0000000140000000, reserved size: 1073741824
Narrow klass base: 0x0000000000000000, Narrow klass shift: 3, Narrow klass range: 0x140000000

GC Precious Log:
 CardTable entry size: 512
 Card Set container configuration: InlinePtr #cards 5 size 8 Array Of Cards #cards 12 size 40 Howl #buckets 4 coarsen threshold 1843 Howl Bitmap #cards 512 size 80 coarsen threshold 460 Card regions per heap region 1 cards per card region 2048
 CPUs: 8 total, 8 available
 Memory: 7413M
 Large Page Support: Disabled
 NUMA Support: Disabled
 Compressed Oops: Enabled (32-bit)
 Heap Region Size: 1M
 Heap Min Capacity: 8M
 Heap Initial Capacity: 116M
 Heap Max Capacity: 2G
 Pre-touch: Disabled
 Parallel Workers: 8
 Concurrent Workers: 2
 Concurrent Refinement Workers: 8
 Periodic GC: Disabled

Heap:
 garbage-first heap   total 106496K, used 52060K [0x0000000080000000, 0x0000000100000000)
  region size 1024K, 5 young (5120K), 1 survivors (1024K)
 Metaspace       used 66664K, committed 68352K, reserved 1114112K
  class space    used 9056K, committed 9920K, reserved 1048576K

Heap Regions: E=young(eden), S=young(survivor), O=old, HS=humongous(starts), HC=humongous(continues), CS=collection set, F=free, TAMS=top-at-mark-start, PB=parsable bottom
|   0|0x0000000080000000, 0x0000000080100000, 0x0000000080100000|100%|HS|  |TAMS 0x0000000080100000| PB 0x0000000080000000| Complete 
|   1|0x0000000080100000, 0x0000000080200000, 0x0000000080200000|100%|HC|  |TAMS 0x0000000080200000| PB 0x0000000080100000| Complete 
|   2|0x0000000080200000, 0x0000000080300000, 0x0000000080300000|100%|HC|  |TAMS 0x0000000080300000| PB 0x0000000080200000| Complete 
|   3|0x0000000080300000, 0x0000000080400000, 0x0000000080400000|100%| O|  |TAMS 0x0000000080400000| PB 0x0000000080400000| Untracked 
|   4|0x0000000080400000, 0x0000000080500000, 0x0000000080500000|100%| O|  |TAMS 0x0000000080500000| PB 0x0000000080500000| Untracked 
|   5|0x0000000080500000, 0x0000000080600000, 0x0000000080600000|100%| O|  |TAMS 0x0000000080600000| PB 0x0000000080600000| Updating 
|   6|0x0000000080600000, 0x0000000080700000, 0x0000000080700000|100%|HS|  |TAMS 0x0000000080700000| PB 0x0000000080600000| Complete 
|   7|0x0000000080700000, 0x0000000080800000, 0x0000000080800000|100%| O|  |TAMS 0x0000000080800000| PB 0x0000000080800000| Untracked 
|   8|0x0000000080800000, 0x0000000080900000, 0x0000000080900000|100%| O|  |TAMS 0x0000000080900000| PB 0x0000000080900000| Untracked 
|   9|0x0000000080900000, 0x0000000080a00000, 0x0000000080a00000|100%| O|  |TAMS 0x0000000080a00000| PB 0x0000000080a00000| Updating 
|  10|0x0000000080a00000, 0x0000000080b00000, 0x0000000080b00000|100%| O|  |TAMS 0x0000000080b00000| PB 0x0000000080b00000| Untracked 
|  11|0x0000000080b00000, 0x0000000080c00000, 0x0000000080c00000|100%| O|  |TAMS 0x0000000080c00000| PB 0x0000000080c00000| Updating 
|  12|0x0000000080c00000, 0x0000000080d00000, 0x0000000080d00000|100%| O|  |TAMS 0x0000000080d00000| PB 0x0000000080d00000| Untracked 
|  13|0x0000000080d00000, 0x0000000080e00000, 0x0000000080e00000|100%| O|  |TAMS 0x0000000080e00000| PB 0x0000000080e00000| Untracked 
|  14|0x0000000080e00000, 0x0000000080f00000, 0x0000000080f00000|100%| O|  |TAMS 0x0000000080f00000| PB 0x0000000080f00000| Untracked 
|  15|0x0000000080f00000, 0x0000000081000000, 0x0000000081000000|100%| O|  |TAMS 0x0000000081000000| PB 0x0000000081000000| Untracked 
|  16|0x0000000081000000, 0x0000000081100000, 0x0000000081100000|100%| O|  |TAMS 0x0000000081100000| PB 0x0000000081100000| Untracked 
|  17|0x0000000081100000, 0x0000000081200000, 0x0000000081200000|100%| O|  |TAMS 0x0000000081200000| PB 0x0000000081200000| Untracked 
|  18|0x0000000081200000, 0x0000000081300000, 0x0000000081300000|100%| O|  |TAMS 0x0000000081300000| PB 0x0000000081300000| Untracked 
|  19|0x0000000081300000, 0x0000000081400000, 0x0000000081400000|100%| O|  |TAMS 0x0000000081400000| PB 0x0000000081400000| Untracked 
|  20|0x0000000081400000, 0x0000000081500000, 0x0000000081500000|100%| O|  |TAMS 0x0000000081500000| PB 0x0000000081500000| Updating 
|  21|0x0000000081500000, 0x0000000081600000, 0x0000000081600000|100%| O|  |TAMS 0x0000000081600000| PB 0x0000000081600000| Updating 
|  22|0x0000000081600000, 0x0000000081700000, 0x0000000081700000|100%| O|  |TAMS 0x0000000081700000| PB 0x0000000081700000| Untracked 
|  23|0x0000000081700000, 0x0000000081800000, 0x0000000081800000|100%| O|  |TAMS 0x0000000081800000| PB 0x0000000081800000| Untracked 
|  24|0x0000000081800000, 0x0000000081900000, 0x0000000081900000|100%| O|  |TAMS 0x0000000081900000| PB 0x0000000081900000| Updating 
|  25|0x0000000081900000, 0x0000000081a00000, 0x0000000081a00000|100%| O|  |TAMS 0x0000000081a00000| PB 0x0000000081a00000| Untracked 
|  26|0x0000000081a00000, 0x0000000081b00000, 0x0000000081b00000|100%| O|  |TAMS 0x0000000081b00000| PB 0x0000000081b00000| Untracked 
|  27|0x0000000081b00000, 0x0000000081c00000, 0x0000000081c00000|100%| O|  |TAMS 0x0000000081c00000| PB 0x0000000081c00000| Untracked 
|  28|0x0000000081c00000, 0x0000000081d00000, 0x0000000081d00000|100%| O|  |TAMS 0x0000000081d00000| PB 0x0000000081d00000| Untracked 
|  29|0x0000000081d00000, 0x0000000081e00000, 0x0000000081e00000|100%| O|  |TAMS 0x0000000081e00000| PB 0x0000000081e00000| Untracked 
|  30|0x0000000081e00000, 0x0000000081f00000, 0x0000000081f00000|100%| O|  |TAMS 0x0000000081e00000| PB 0x0000000081e00000| Untracked 
|  31|0x0000000081f00000, 0x0000000082000000, 0x0000000082000000|100%| O|  |TAMS 0x0000000082000000| PB 0x0000000082000000| Untracked 
|  32|0x0000000082000000, 0x0000000082100000, 0x0000000082100000|100%| O|  |TAMS 0x0000000082100000| PB 0x0000000082100000| Untracked 
|  33|0x0000000082100000, 0x0000000082200000, 0x0000000082200000|100%| O|  |TAMS 0x0000000082200000| PB 0x0000000082200000| Updating 
|  34|0x0000000082200000, 0x0000000082300000, 0x0000000082300000|100%| O|  |TAMS 0x0000000082300000| PB 0x0000000082300000| Updating 
|  35|0x0000000082300000, 0x0000000082400000, 0x0000000082400000|100%| O|  |TAMS 0x0000000082300000| PB 0x0000000082300000| Untracked 
|  36|0x0000000082400000, 0x0000000082500000, 0x0000000082500000|100%| O|  |TAMS 0x0000000082500000| PB 0x0000000082500000| Untracked 
|  37|0x0000000082500000, 0x0000000082600000, 0x0000000082600000|100%| O|  |TAMS 0x0000000082600000| PB 0x0000000082600000| Untracked 
|  38|0x0000000082600000, 0x0000000082700000, 0x0000000082700000|100%| O|  |TAMS 0x0000000082700000| PB 0x0000000082700000| Untracked 
|  39|0x0000000082700000, 0x0000000082800000, 0x0000000082800000|100%| O|  |TAMS 0x0000000082800000| PB 0x0000000082800000| Updating 
|  40|0x0000000082800000, 0x0000000082900000, 0x0000000082900000|100%| O|  |TAMS 0x0000000082900000| PB 0x0000000082900000| Updating 
|  41|0x0000000082900000, 0x0000000082a00000, 0x0000000082a00000|100%| O|  |TAMS 0x0000000082a00000| PB 0x0000000082a00000| Updating 
|  42|0x0000000082a00000, 0x0000000082b00000, 0x0000000082b00000|100%| O|  |TAMS 0x0000000082addc80| PB 0x0000000082addc80| Updating 
|  43|0x0000000082b00000, 0x0000000082c00000, 0x0000000082c00000|100%| O|  |TAMS 0x0000000082b00000| PB 0x0000000082b00000| Untracked 
|  44|0x0000000082c00000, 0x0000000082d00000, 0x0000000082d00000|100%| O|  |TAMS 0x0000000082d00000| PB 0x0000000082d00000| Updating 
|  45|0x0000000082d00000, 0x0000000082e00000, 0x0000000082e00000|100%| O|  |TAMS 0x0000000082e00000| PB 0x0000000082e00000| Untracked 
|  46|0x0000000082e00000, 0x0000000082f00000, 0x0000000082f00000|100%| O|  |TAMS 0x0000000082f00000| PB 0x0000000082f00000| Updating 
|  47|0x0000000082f00000, 0x0000000082f528c0, 0x0000000083000000| 32%| O|  |TAMS 0x0000000082f00000| PB 0x0000000082f00000| Updating 
|  48|0x0000000083000000, 0x0000000083000000, 0x0000000083100000|  0%| F|  |TAMS 0x0000000083000000| PB 0x0000000083000000| Untracked 
|  49|0x0000000083100000, 0x0000000083100000, 0x0000000083200000|  0%| F|  |TAMS 0x0000000083100000| PB 0x0000000083100000| Untracked 
|  50|0x0000000083200000, 0x0000000083200000, 0x0000000083300000|  0%| F|  |TAMS 0x0000000083200000| PB 0x0000000083200000| Untracked 
|  51|0x0000000083300000, 0x0000000083300000, 0x0000000083400000|  0%| F|  |TAMS 0x0000000083300000| PB 0x0000000083300000| Untracked 
|  52|0x0000000083400000, 0x0000000083400000, 0x0000000083500000|  0%| F|  |TAMS 0x0000000083400000| PB 0x0000000083400000| Untracked 
|  53|0x0000000083500000, 0x0000000083500000, 0x0000000083600000|  0%| F|  |TAMS 0x0000000083500000| PB 0x0000000083500000| Untracked 
|  54|0x0000000083600000, 0x0000000083600000, 0x0000000083700000|  0%| F|  |TAMS 0x0000000083600000| PB 0x0000000083600000| Untracked 
|  55|0x0000000083700000, 0x0000000083700000, 0x0000000083800000|  0%| F|  |TAMS 0x0000000083700000| PB 0x0000000083700000| Untracked 
|  56|0x0000000083800000, 0x0000000083800000, 0x0000000083900000|  0%| F|  |TAMS 0x0000000083800000| PB 0x0000000083800000| Untracked 
|  57|0x0000000083900000, 0x0000000083900000, 0x0000000083a00000|  0%| F|  |TAMS 0x0000000083900000| PB 0x0000000083900000| Untracked 
|  58|0x0000000083a00000, 0x0000000083a00000, 0x0000000083b00000|  0%| F|  |TAMS 0x0000000083a00000| PB 0x0000000083a00000| Untracked 
|  59|0x0000000083b00000, 0x0000000083b00000, 0x0000000083c00000|  0%| F|  |TAMS 0x0000000083b00000| PB 0x0000000083b00000| Untracked 
|  60|0x0000000083c00000, 0x0000000083c00000, 0x0000000083d00000|  0%| F|  |TAMS 0x0000000083c00000| PB 0x0000000083c00000| Untracked 
|  61|0x0000000083d00000, 0x0000000083d00000, 0x0000000083e00000|  0%| F|  |TAMS 0x0000000083d00000| PB 0x0000000083d00000| Untracked 
|  62|0x0000000083e00000, 0x0000000083e00000, 0x0000000083f00000|  0%| F|  |TAMS 0x0000000083e00000| PB 0x0000000083e00000| Untracked 
|  63|0x0000000083f00000, 0x0000000083f00000, 0x0000000084000000|  0%| F|  |TAMS 0x0000000083f00000| PB 0x0000000083f00000| Untracked 
|  64|0x0000000084000000, 0x0000000084000000, 0x0000000084100000|  0%| F|  |TAMS 0x0000000084000000| PB 0x0000000084000000| Untracked 
|  65|0x0000000084100000, 0x0000000084100000, 0x0000000084200000|  0%| F|  |TAMS 0x0000000084100000| PB 0x0000000084100000| Untracked 
|  66|0x0000000084200000, 0x0000000084200000, 0x0000000084300000|  0%| F|  |TAMS 0x0000000084200000| PB 0x0000000084200000| Untracked 
|  67|0x0000000084300000, 0x0000000084300000, 0x0000000084400000|  0%| F|  |TAMS 0x0000000084300000| PB 0x0000000084300000| Untracked 
|  68|0x0000000084400000, 0x0000000084400000, 0x0000000084500000|  0%| F|  |TAMS 0x0000000084400000| PB 0x0000000084400000| Untracked 
|  69|0x0000000084500000, 0x0000000084500000, 0x0000000084600000|  0%| F|  |TAMS 0x0000000084500000| PB 0x0000000084500000| Untracked 
|  70|0x0000000084600000, 0x0000000084600000, 0x0000000084700000|  0%| F|  |TAMS 0x0000000084600000| PB 0x0000000084600000| Untracked 
|  71|0x0000000084700000, 0x0000000084700000, 0x0000000084800000|  0%| F|  |TAMS 0x0000000084700000| PB 0x0000000084700000| Untracked 
|  72|0x0000000084800000, 0x0000000084800000, 0x0000000084900000|  0%| F|  |TAMS 0x0000000084800000| PB 0x0000000084800000| Untracked 
|  73|0x0000000084900000, 0x0000000084900000, 0x0000000084a00000|  0%| F|  |TAMS 0x0000000084900000| PB 0x0000000084900000| Untracked 
|  74|0x0000000084a00000, 0x0000000084a00000, 0x0000000084b00000|  0%| F|  |TAMS 0x0000000084a00000| PB 0x0000000084a00000| Untracked 
|  75|0x0000000084b00000, 0x0000000084b00000, 0x0000000084c00000|  0%| F|  |TAMS 0x0000000084b00000| PB 0x0000000084b00000| Untracked 
|  76|0x0000000084c00000, 0x0000000084c00000, 0x0000000084d00000|  0%| F|  |TAMS 0x0000000084c00000| PB 0x0000000084c00000| Untracked 
|  77|0x0000000084d00000, 0x0000000084d00000, 0x0000000084e00000|  0%| F|  |TAMS 0x0000000084d00000| PB 0x0000000084d00000| Untracked 
|  78|0x0000000084e00000, 0x0000000084e00000, 0x0000000084f00000|  0%| F|  |TAMS 0x0000000084e00000| PB 0x0000000084e00000| Untracked 
|  79|0x0000000084f00000, 0x0000000084f00000, 0x0000000085000000|  0%| F|  |TAMS 0x0000000084f00000| PB 0x0000000084f00000| Untracked 
|  80|0x0000000085000000, 0x0000000085000000, 0x0000000085100000|  0%| F|  |TAMS 0x0000000085000000| PB 0x0000000085000000| Untracked 
|  81|0x0000000085100000, 0x0000000085100000, 0x0000000085200000|  0%| F|  |TAMS 0x0000000085100000| PB 0x0000000085100000| Untracked 
|  82|0x0000000085200000, 0x0000000085200000, 0x0000000085300000|  0%| F|  |TAMS 0x0000000085200000| PB 0x0000000085200000| Untracked 
|  83|0x0000000085300000, 0x0000000085300000, 0x0000000085400000|  0%| F|  |TAMS 0x0000000085300000| PB 0x0000000085300000| Untracked 
|  84|0x0000000085400000, 0x0000000085400000, 0x0000000085500000|  0%| F|  |TAMS 0x0000000085400000| PB 0x0000000085400000| Untracked 
|  85|0x0000000085500000, 0x0000000085500000, 0x0000000085600000|  0%| F|  |TAMS 0x0000000085500000| PB 0x0000000085500000| Untracked 
|  86|0x0000000085600000, 0x0000000085600000, 0x0000000085700000|  0%| F|  |TAMS 0x0000000085600000| PB 0x0000000085600000| Untracked 
|  87|0x0000000085700000, 0x0000000085700000, 0x0000000085800000|  0%| F|  |TAMS 0x0000000085700000| PB 0x0000000085700000| Untracked 
|  88|0x0000000085800000, 0x0000000085800000, 0x0000000085900000|  0%| F|  |TAMS 0x0000000085800000| PB 0x0000000085800000| Untracked 
|  89|0x0000000085900000, 0x0000000085900000, 0x0000000085a00000|  0%| F|  |TAMS 0x0000000085900000| PB 0x0000000085900000| Untracked 
|  90|0x0000000085a00000, 0x0000000085a00000, 0x0000000085b00000|  0%| F|  |TAMS 0x0000000085a00000| PB 0x0000000085a00000| Untracked 
|  91|0x0000000085b00000, 0x0000000085b00000, 0x0000000085c00000|  0%| F|  |TAMS 0x0000000085b00000| PB 0x0000000085b00000| Untracked 
|  92|0x0000000085c00000, 0x0000000085c00000, 0x0000000085d00000|  0%| F|  |TAMS 0x0000000085c00000| PB 0x0000000085c00000| Untracked 
|  93|0x0000000085d00000, 0x0000000085d00000, 0x0000000085e00000|  0%| F|  |TAMS 0x0000000085d00000| PB 0x0000000085d00000| Untracked 
|  94|0x0000000085e00000, 0x0000000085e00000, 0x0000000085f00000|  0%| F|  |TAMS 0x0000000085e00000| PB 0x0000000085e00000| Untracked 
|  95|0x0000000085f00000, 0x0000000085f00000, 0x0000000086000000|  0%| F|  |TAMS 0x0000000085f00000| PB 0x0000000085f00000| Untracked 
|  96|0x0000000086000000, 0x0000000086000000, 0x0000000086100000|  0%| F|  |TAMS 0x0000000086000000| PB 0x0000000086000000| Untracked 
|  97|0x0000000086100000, 0x0000000086100000, 0x0000000086200000|  0%| F|  |TAMS 0x0000000086100000| PB 0x0000000086100000| Untracked 
|  98|0x0000000086200000, 0x00000000862a2160, 0x0000000086300000| 63%| E|  |TAMS 0x0000000086200000| PB 0x0000000086200000| Complete 
|  99|0x0000000086300000, 0x0000000086400000, 0x0000000086400000|100%| E|CS|TAMS 0x0000000086300000| PB 0x0000000086300000| Complete 
| 100|0x0000000086400000, 0x0000000086500000, 0x0000000086500000|100%| E|CS|TAMS 0x0000000086400000| PB 0x0000000086400000| Complete 
| 101|0x0000000086500000, 0x00000000865848c8, 0x0000000086600000| 51%| S|CS|TAMS 0x0000000086500000| PB 0x0000000086500000| Complete 
| 115|0x0000000087300000, 0x0000000087400000, 0x0000000087400000|100%| E|  |TAMS 0x0000000087300000| PB 0x0000000087300000| Complete 
|2047|0x00000000fff00000, 0x0000000100000000, 0x0000000100000000|100%| O|  |TAMS 0x0000000100000000| PB 0x00000000fff00000| Updating 

Card table byte_map: [0x00000280b3020000,0x00000280b3420000] _byte_map_base: 0x00000280b2c20000

Marking Bits: (CMBitMap*) 0x00000280a07f4640
 Bits: [0x00000280b3420000, 0x00000280b5420000)

Polling page: 0x000002809e540000

Metaspace:

Usage:
  Non-class:     56.26 MB used.
      Class:      8.84 MB used.
       Both:     65.10 MB used.

Virtual space:
  Non-class space:       64.00 MB reserved,      57.06 MB ( 89%) committed,  1 nodes.
      Class space:        1.00 GB reserved,       9.69 MB ( <1%) committed,  1 nodes.
             Both:        1.06 GB reserved,      66.75 MB (  6%) committed. 

Chunk freelists:
   Non-Class:  6.58 MB
       Class:  6.23 MB
        Both:  12.81 MB

MaxMetaspaceSize: unlimited
CompressedClassSpaceSize: 1.00 GB
Initial GC threshold: 21.00 MB
Current GC threshold: 111.25 MB
CDS: off
 - commit_granule_bytes: 65536.
 - commit_granule_words: 8192.
 - virtual_space_node_default_size: 8388608.
 - enlarge_chunks_in_place: 1.
 - use_allocation_guard: 0.


Internal statistics:

num_allocs_failed_limit: 12.
num_arena_births: 3070.
num_arena_deaths: 0.
num_vsnodes_births: 2.
num_vsnodes_deaths: 0.
num_space_committed: 1068.
num_space_uncommitted: 0.
num_chunks_returned_to_freelist: 12.
num_chunks_taken_from_freelist: 5813.
num_chunk_merges: 12.
num_chunk_splits: 3738.
num_chunks_enlarged: 2303.
num_inconsistent_stats: 0.

CodeHeap 'non-profiled nmethods': size=120000Kb used=3345Kb max_used=3964Kb free=116654Kb
 bounds [0x00000280ab3c0000, 0x00000280ab7a0000, 0x00000280b28f0000]
CodeHeap 'profiled nmethods': size=120000Kb used=12406Kb max_used=12928Kb free=107593Kb
 bounds [0x00000280a38f0000, 0x00000280a45a0000, 0x00000280aae20000]
CodeHeap 'non-nmethods': size=5760Kb used=1988Kb max_used=2038Kb free=3771Kb
 bounds [0x00000280aae20000, 0x00000280ab090000, 0x00000280ab3c0000]
 total_blobs=7632 nmethods=6872 adapters=662
 compilation: enabled
              stopped_count=0, restarted_count=0
 full_count=0

Compilation events (20 events):
Event: 9.443 Thread 0x00000280bc0aa5e0 nmethod 7960 0x00000280a4589310 code [0x00000280a4589580, 0x00000280a458a4f0]
Event: 9.443 Thread 0x00000280bc0aa5e0 7959       3       sun.nio.cs.StreamDecoder::forInputStreamReader (11 bytes)
Event: 9.444 Thread 0x00000280bc0aa5e0 nmethod 7959 0x00000280a458a910 code [0x00000280a458aac0, 0x00000280a458ac58]
Event: 9.444 Thread 0x00000280bc0aa5e0 7955       3       org.gradle.api.internal.artifacts.transform.TransformExecutionResult$Builder$ProducedOutputOnlyResult::lambda$resolveForWorkspace$1 (2 bytes)
Event: 9.444 Thread 0x00000280bc0aa5e0 nmethod 7955 0x00000280a3eb3790 code [0x00000280a3eb3920, 0x00000280a3eb3a10]
Event: 9.444 Thread 0x00000280bc0aa5e0 7954       3       org.gradle.api.internal.artifacts.transform.TransformExecutionResult$Builder$ProducedOutputOnlyResult$$Lambda/0x00000001009be560::resolveForInputArtifact (9 bytes)
Event: 9.444 Thread 0x00000280bc0aa5e0 nmethod 7954 0x00000280a458ad10 code [0x00000280a458aec0, 0x00000280a458b028]
Event: 9.444 Thread 0x00000280bc0aa5e0 7963       3       java.nio.file.Files::newBufferedReader (31 bytes)
Event: 9.445 Thread 0x00000280bc0aa5e0 nmethod 7963 0x00000280a458b110 code [0x00000280a458b420, 0x00000280a458c658]
Event: 9.445 Thread 0x00000280bc0aa5e0 7964       3       sun.nio.fs.WindowsSecurityDescriptor::address (19 bytes)
Event: 9.446 Thread 0x00000280bc0aa5e0 nmethod 7964 0x00000280a458cc90 code [0x00000280a458ce40, 0x00000280a458cff8]
Event: 9.447 Thread 0x00000280bc0aa5e0 7965       3       org.gradle.api.internal.artifacts.transform.TransformExecutionResult$Builder$ProducedOutputOnlyResult$$Lambda/0x00000001009be0b0::apply (12 bytes)
Event: 9.448 Thread 0x00000280bc0aa5e0 nmethod 7965 0x00000280a458d090 code [0x00000280a458d280, 0x00000280a458d6a0]
Event: 9.448 Thread 0x00000280bc0aa5e0 7966       3       org.gradle.api.internal.artifacts.transform.TransformExecutionResult$Builder$ProducedOutputOnlyResult$$Lambda/0x00000001009be308::apply (12 bytes)
Event: 9.448 Thread 0x00000280bc0aa5e0 nmethod 7966 0x00000280a458d810 code [0x00000280a458d9e0, 0x00000280a458dd28]
Event: 9.452 Thread 0x00000280bc0aa5e0 7967       3       com.google.common.collect.ImmutableList::copyIntoArray (36 bytes)
Event: 9.453 Thread 0x00000280bc0aa5e0 nmethod 7967 0x00000280a458de90 code [0x00000280a458e080, 0x00000280a458e570]
Event: 9.475 Thread 0x00000280bc0aa5e0 7968       3       org.gradle.api.internal.artifacts.transform.TransformExecutionResult$Builder$ProducedOutputOnlyResult$$Lambda/0x00000001009be0b0::<init> (10 bytes)
Event: 9.475 Thread 0x00000280bc0aa5e0 nmethod 7968 0x00000280a458e710 code [0x00000280a458e8c0, 0x00000280a458ea78]
Event: 9.476 Thread 0x00000280bc0aa5e0 7969       3       org.gradle.api.internal.artifacts.transform.TransformExecutionResult$Builder$ProducedOutputOnlyResult::resolveForWorkspace (54 bytes)

GC Heap History (20 events):
Event: 5.742 GC heap before
{Heap before GC invocations=11 (full 0):
 garbage-first heap   total 71680K, used 62234K [0x0000000080000000, 0x0000000100000000)
  region size 1024K, 35 young (35840K), 5 survivors (5120K)
 Metaspace       used 46641K, committed 47936K, reserved 1114112K
  class space    used 6236K, committed 6912K, reserved 1048576K
}
Event: 5.747 GC heap after
{Heap after GC invocations=12 (full 0):
 garbage-first heap   total 86016K, used 33902K [0x0000000080000000, 0x0000000100000000)
  region size 1024K, 3 young (3072K), 3 survivors (3072K)
 Metaspace       used 46641K, committed 47936K, reserved 1114112K
  class space    used 6236K, committed 6912K, reserved 1048576K
}
Event: 6.227 GC heap before
{Heap before GC invocations=12 (full 0):
 garbage-first heap   total 86016K, used 73838K [0x0000000080000000, 0x0000000100000000)
  region size 1024K, 42 young (43008K), 3 survivors (3072K)
 Metaspace       used 50275K, committed 51712K, reserved 1114112K
  class space    used 6814K, committed 7552K, reserved 1048576K
}
Event: 6.230 GC heap after
{Heap after GC invocations=13 (full 0):
 garbage-first heap   total 86016K, used 36383K [0x0000000080000000, 0x0000000100000000)
  region size 1024K, 5 young (5120K), 5 survivors (5120K)
 Metaspace       used 50275K, committed 51712K, reserved 1114112K
  class space    used 6814K, committed 7552K, reserved 1048576K
}
Event: 6.875 GC heap before
{Heap before GC invocations=13 (full 0):
 garbage-first heap   total 86016K, used 77343K [0x0000000080000000, 0x0000000100000000)
  region size 1024K, 43 young (44032K), 5 survivors (5120K)
 Metaspace       used 56080K, committed 57600K, reserved 1114112K
  class space    used 7553K, committed 8320K, reserved 1048576K
}
Event: 6.879 GC heap after
{Heap after GC invocations=14 (full 0):
 garbage-first heap   total 86016K, used 37879K [0x0000000080000000, 0x0000000100000000)
  region size 1024K, 5 young (5120K), 5 survivors (5120K)
 Metaspace       used 56080K, committed 57600K, reserved 1114112K
  class space    used 7553K, committed 8320K, reserved 1048576K
}
Event: 7.243 GC heap before
{Heap before GC invocations=14 (full 0):
 garbage-first heap   total 86016K, used 58359K [0x0000000080000000, 0x0000000100000000)
  region size 1024K, 26 young (26624K), 5 survivors (5120K)
 Metaspace       used 58947K, committed 60416K, reserved 1114112K
  class space    used 7966K, committed 8704K, reserved 1048576K
}
Event: 7.246 GC heap after
{Heap after GC invocations=15 (full 0):
 garbage-first heap   total 86016K, used 39365K [0x0000000080000000, 0x0000000100000000)
  region size 1024K, 3 young (3072K), 3 survivors (3072K)
 Metaspace       used 58947K, committed 60416K, reserved 1114112K
  class space    used 7966K, committed 8704K, reserved 1048576K
}
Event: 8.016 GC heap before
{Heap before GC invocations=16 (full 0):
 garbage-first heap   total 86016K, used 77253K [0x0000000080000000, 0x0000000100000000)
  region size 1024K, 40 young (40960K), 3 survivors (3072K)
 Metaspace       used 63748K, committed 65472K, reserved 1114112K
  class space    used 8749K, committed 9600K, reserved 1048576K
}
Event: 8.020 GC heap after
{Heap after GC invocations=17 (full 0):
 garbage-first heap   total 86016K, used 41984K [0x0000000080000000, 0x0000000100000000)
  region size 1024K, 5 young (5120K), 5 survivors (5120K)
 Metaspace       used 63748K, committed 65472K, reserved 1114112K
  class space    used 8749K, committed 9600K, reserved 1048576K
}
Event: 8.735 GC heap before
{Heap before GC invocations=17 (full 0):
 garbage-first heap   total 86016K, used 75776K [0x0000000080000000, 0x0000000100000000)
  region size 1024K, 38 young (38912K), 5 survivors (5120K)
 Metaspace       used 65903K, committed 67584K, reserved 1114112K
  class space    used 9029K, committed 9856K, reserved 1048576K
}
Event: 8.743 GC heap after
{Heap after GC invocations=18 (full 0):
 garbage-first heap   total 88064K, used 46597K [0x0000000080000000, 0x0000000100000000)
  region size 1024K, 5 young (5120K), 5 survivors (5120K)
 Metaspace       used 65903K, committed 67584K, reserved 1114112K
  class space    used 9029K, committed 9856K, reserved 1048576K
}
Event: 8.984 GC heap before
{Heap before GC invocations=18 (full 0):
 garbage-first heap   total 88064K, used 76293K [0x0000000080000000, 0x0000000100000000)
  region size 1024K, 35 young (35840K), 5 survivors (5120K)
 Metaspace       used 66175K, committed 67840K, reserved 1114112K
  class space    used 9029K, committed 9856K, reserved 1048576K
}
Event: 8.989 GC heap after
{Heap after GC invocations=19 (full 0):
 garbage-first heap   total 88064K, used 49340K [0x0000000080000000, 0x0000000100000000)
  region size 1024K, 4 young (4096K), 4 survivors (4096K)
 Metaspace       used 66175K, committed 67840K, reserved 1114112K
  class space    used 9029K, committed 9856K, reserved 1048576K
}
Event: 9.207 GC heap before
{Heap before GC invocations=20 (full 0):
 garbage-first heap   total 88064K, used 75964K [0x0000000080000000, 0x0000000100000000)
  region size 1024K, 31 young (31744K), 4 survivors (4096K)
 Metaspace       used 66477K, committed 68160K, reserved 1114112K
  class space    used 9056K, committed 9920K, reserved 1048576K
}
Event: 9.209 GC heap after
{Heap after GC invocations=21 (full 0):
 garbage-first heap   total 88064K, used 50347K [0x0000000080000000, 0x0000000100000000)
  region size 1024K, 4 young (4096K), 4 survivors (4096K)
 Metaspace       used 66477K, committed 68160K, reserved 1114112K
  class space    used 9056K, committed 9920K, reserved 1048576K
}
Event: 9.346 GC heap before
{Heap before GC invocations=21 (full 0):
 garbage-first heap   total 88064K, used 76971K [0x0000000080000000, 0x0000000100000000)
  region size 1024K, 30 young (30720K), 4 survivors (4096K)
 Metaspace       used 66614K, committed 68352K, reserved 1114112K
  class space    used 9056K, committed 9920K, reserved 1048576K
}
Event: 9.349 GC heap after
{Heap after GC invocations=22 (full 0):
 garbage-first heap   total 88064K, used 49347K [0x0000000080000000, 0x0000000100000000)
  region size 1024K, 4 young (4096K), 4 survivors (4096K)
 Metaspace       used 66614K, committed 68352K, reserved 1114112K
  class space    used 9056K, committed 9920K, reserved 1048576K
}
Event: 9.477 GC heap before
{Heap before GC invocations=22 (full 0):
 garbage-first heap   total 88064K, used 76995K [0x0000000080000000, 0x0000000100000000)
  region size 1024K, 31 young (31744K), 4 survivors (4096K)
 Metaspace       used 66664K, committed 68352K, reserved 1114112K
  class space    used 9056K, committed 9920K, reserved 1048576K
}
Event: 10.494 GC heap after
{Heap after GC invocations=23 (full 0):
 garbage-first heap   total 106496K, used 49896K [0x0000000080000000, 0x0000000100000000)
  region size 1024K, 4 young (4096K), 4 survivors (4096K)
 Metaspace       used 66664K, committed 68352K, reserved 1114112K
  class space    used 9056K, committed 9920K, reserved 1048576K
}

Dll operation events (3 events):
Event: 0.012 Loaded shared library C:\Program Files\Android\Android Studio\jbr\bin\java.dll
Event: 0.018 Loaded shared library C:\Program Files\Android\Android Studio\jbr\bin\zip.dll
Event: 0.631 Loaded shared library C:\Program Files\Android\Android Studio\jbr\bin\verify.dll

Deoptimization events (20 events):
Event: 9.254 Thread 0x00000280c2216340 DEOPT PACKING pc=0x00000280ab45da6c sp=0x0000009c9e5fd470
Event: 9.254 Thread 0x00000280c2213550 DEOPT PACKING pc=0x00000280ab45da6c sp=0x0000009c9e6fd2b0
Event: 9.254 Thread 0x00000280c2216340 DEOPT UNPACKING pc=0x00000280aae746a2 sp=0x0000009c9e5fd440 mode 2
Event: 9.254 Thread 0x00000280c2213550 DEOPT UNPACKING pc=0x00000280aae746a2 sp=0x0000009c9e6fd280 mode 2
Event: 9.316 Thread 0x00000280c2214270 Uncommon trap: trap_request=0xffffff45 fr.pc=0x00000280ab4a6280 relative=0x0000000000001440
Event: 9.316 Thread 0x00000280c2214f90 Uncommon trap: trap_request=0xffffff45 fr.pc=0x00000280ab4a6280 relative=0x0000000000001440
Event: 9.316 Thread 0x00000280c2214270 Uncommon trap: reason=unstable_if action=reinterpret pc=0x00000280ab4a6280 method=java.util.concurrent.ConcurrentHashMap.transfer([Ljava/util/concurrent/ConcurrentHashMap$Node;[Ljava/util/concurrent/ConcurrentHashMap$Node;)V @ 34 c2
Event: 9.316 Thread 0x00000280c2214f90 Uncommon trap: reason=unstable_if action=reinterpret pc=0x00000280ab4a6280 method=java.util.concurrent.ConcurrentHashMap.transfer([Ljava/util/concurrent/ConcurrentHashMap$Node;[Ljava/util/concurrent/ConcurrentHashMap$Node;)V @ 34 c2
Event: 9.316 Thread 0x00000280c2214270 DEOPT PACKING pc=0x00000280ab4a6280 sp=0x0000009c9e4fe060
Event: 9.316 Thread 0x00000280c2214f90 DEOPT PACKING pc=0x00000280ab4a6280 sp=0x0000009c9e7fdd00
Event: 9.316 Thread 0x00000280c2214270 DEOPT UNPACKING pc=0x00000280aae746a2 sp=0x0000009c9e4fe020 mode 2
Event: 9.316 Thread 0x00000280c2214f90 DEOPT UNPACKING pc=0x00000280aae746a2 sp=0x0000009c9e7fdcc0 mode 2
Event: 9.320 Thread 0x00000280c2213be0 Uncommon trap: trap_request=0xffffff45 fr.pc=0x00000280ab4a6158 relative=0x0000000000001318
Event: 9.320 Thread 0x00000280c2213be0 Uncommon trap: reason=unstable_if action=reinterpret pc=0x00000280ab4a6158 method=java.util.concurrent.ConcurrentHashMap.transfer([Ljava/util/concurrent/ConcurrentHashMap$Node;[Ljava/util/concurrent/ConcurrentHashMap$Node;)V @ 347 c2
Event: 9.320 Thread 0x00000280c2213be0 DEOPT PACKING pc=0x00000280ab4a6158 sp=0x0000009c9e8fdf20
Event: 9.320 Thread 0x00000280c2213be0 DEOPT UNPACKING pc=0x00000280aae746a2 sp=0x0000009c9e8fdeb0 mode 2
Event: 9.320 Thread 0x00000280c2213be0 Uncommon trap: trap_request=0xffffff45 fr.pc=0x00000280ab4b98cc relative=0x000000000000026c
Event: 9.320 Thread 0x00000280c2213be0 Uncommon trap: reason=unstable_if action=reinterpret pc=0x00000280ab4b98cc method=java.util.concurrent.ConcurrentHashMap.addCount(JI)V @ 171 c2
Event: 9.320 Thread 0x00000280c2213be0 DEOPT PACKING pc=0x00000280ab4b98cc sp=0x0000009c9e8fe030
Event: 9.320 Thread 0x00000280c2213be0 DEOPT UNPACKING pc=0x00000280aae746a2 sp=0x0000009c9e8fdf70 mode 2

Classes loaded (20 events):
Event: 7.973 Loading class jdk/internal/access/JavaObjectInputFilterAccess
Event: 7.973 Loading class jdk/internal/access/JavaObjectInputFilterAccess done
Event: 7.974 Loading class java/lang/System$Logger$Level
Event: 7.974 Loading class java/lang/System$Logger$Level done
Event: 7.974 Loading class jdk/internal/event/DeserializationEvent
Event: 7.974 Loading class jdk/internal/event/DeserializationEvent done
Event: 7.975 Loading class java/io/ObjectInputStream$FieldValues
Event: 7.975 Loading class java/io/ObjectInputStream$GetField
Event: 7.975 Loading class java/io/ObjectInputStream$GetField done
Event: 7.975 Loading class java/io/ObjectInputStream$FieldValues done
Event: 7.979 Loading class sun/reflect/ReflectionFactory
Event: 7.980 Loading class sun/reflect/ReflectionFactory done
Event: 7.980 Loading class sun/reflect/ReflectionFactory$1
Event: 7.980 Loading class sun/reflect/ReflectionFactory$1 done
Event: 8.429 Loading class java/util/Collections$ReverseComparator
Event: 8.430 Loading class java/util/Collections$ReverseComparator done
Event: 8.430 Loading class java/util/Collections$ReverseComparator2
Event: 8.430 Loading class java/util/Collections$ReverseComparator2 done
Event: 9.115 Loading class java/lang/foreign/MemorySegment
Event: 9.116 Loading class java/lang/foreign/MemorySegment done

Classes unloaded (0 events):
No events

Classes redefined (0 events):
No events

Internal exceptions (20 events):
Event: 7.665 Thread 0x00000280bdf12870 Exception <a 'java/lang/NoSuchMethodError'{0x0000000083a69810}: 'long java.lang.invoke.DirectMethodHandle$Holder.invokeStatic(java.lang.Object, long)'> (0x0000000083a69810) 
thrown [s\src\hotspot\share\interpreter\linkResolver.cpp, line 784]
Event: 7.686 Thread 0x00000280bdf12870 Implicit null exception at 0x00000280ab552bc3 to 0x00000280ab552efc
Event: 7.720 Thread 0x00000280bdf12870 Exception <a 'java/lang/NoSuchMethodError'{0x0000000083719888}: 'java.lang.Object java.lang.invoke.DirectMethodHandle$Holder.invokeInterface(java.lang.Object, java.lang.Object, int)'> (0x0000000083719888) 
thrown [s\src\hotspot\share\interpreter\linkResolver.cpp, line 784]
Event: 7.823 Thread 0x00000280bdf12870 Exception <a 'java/lang/NoSuchMethodError'{0x000000008339b060}: 'java.lang.Object java.lang.invoke.DirectMethodHandle$Holder.invokeVirtual(java.lang.Object, java.lang.Object, java.lang.Object, java.lang.Object, java.lang.Object, java.lang.Object, java.lang.Object, java.lang.Object, java.lang.Object, java.lang.Object, java.lang.Object, java.lang.Object, java.lang.Object, java.lang.Object, java.lang.Object, java.lang.Object, java.lang.Object)'> (0x000000008339b060) 
thrown [s\src\hotspot\share\interpreter\li
Event: 7.823 Thread 0x00000280bdf12870 Exception <a 'java/lang/NoSuchMethodError'{0x00000000833a1068}: 'java.lang.Object java.lang.invoke.DirectMethodHandle$Holder.invokeSpecial(java.lang.Object, java.lang.Object, java.lang.Object, java.lang.Object, java.lang.Object, java.lang.Object, java.lang.Object, java.lang.Object, java.lang.Object, java.lang.Object, java.lang.Object, java.lang.Object, java.lang.Object, java.lang.Object, java.lang.Object, java.lang.Object, java.lang.Object, java.lang.Object)'> (0x00000000833a1068) 
thrown [s\src\hotspot\sh
Event: 7.823 Thread 0x00000280bdf12870 Exception <a 'java/lang/NoSuchMethodError'{0x00000000833a65c0}: 'java.lang.Object java.lang.invoke.DelegatingMethodHandle$Holder.reinvoke_L(java.lang.Object, java.lang.Object, java.lang.Object, java.lang.Object, java.lang.Object, java.lang.Object, java.lang.Object, java.lang.Object, java.lang.Object, java.lang.Object, java.lang.Object, java.lang.Object, java.lang.Object, java.lang.Object, java.lang.Object, java.lang.Object, java.lang.Object)'> (0x00000000833a65c0) 
thrown [s\src\hotspot\share\interpreter\l
Event: 7.944 Thread 0x00000280bdf12870 Exception <a 'java/lang/NoSuchMethodError'{0x0000000082fd4048}: static Lorg/gradle/api/internal/catalog/DefaultVersionCatalog;.<clinit>()V> (0x0000000082fd4048) 
thrown [s\src\hotspot\share\prims\jni.cpp, line 1139]
Event: 7.951 Thread 0x00000280bdf12870 Exception <a 'java/lang/NoSuchMethodError'{0x0000000082e261e8}: static [Ljava/lang/Object;.<clinit>()V> (0x0000000082e261e8) 
thrown [s\src\hotspot\share\prims\jni.cpp, line 1139]
Event: 7.953 Thread 0x00000280bdf12870 Exception <a 'java/lang/NoSuchMethodError'{0x0000000082e4d610}: static Lorg/gradle/api/internal/catalog/DependencyModel;.<clinit>()V> (0x0000000082e4d610) 
thrown [s\src\hotspot\share\prims\jni.cpp, line 1139]
Event: 7.954 Thread 0x00000280bdf12870 Exception <a 'java/lang/NoSuchMethodError'{0x0000000082e512f8}: static Lorg/gradle/api/internal/catalog/AbstractContextAwareModel;.<clinit>()V> (0x0000000082e512f8) 
thrown [s\src\hotspot\share\prims\jni.cpp, line 1139]
Event: 7.955 Thread 0x00000280bdf12870 Exception <a 'java/lang/NoSuchMethodError'{0x0000000082e6aa58}: static Lorg/gradle/api/internal/artifacts/dependencies/AbstractVersionConstraint;.<clinit>()V> (0x0000000082e6aa58) 
thrown [s\src\hotspot\share\prims\jni.cpp, line 1139]
Event: 7.961 Thread 0x00000280bdf12870 Exception <a 'java/lang/NoSuchMethodError'{0x0000000082eca270}: static Lorg/gradle/api/internal/catalog/PluginModel;.<clinit>()V> (0x0000000082eca270) 
thrown [s\src\hotspot\share\prims\jni.cpp, line 1139]
Event: 7.963 Thread 0x00000280bdf12870 Exception <a 'java/lang/NoSuchMethodError'{0x0000000082ee1588}: static Lorg/gradle/api/internal/catalog/VersionModel;.<clinit>()V> (0x0000000082ee1588) 
thrown [s\src\hotspot\share\prims\jni.cpp, line 1139]
Event: 7.966 Thread 0x00000280bdf12870 Exception <a 'java/lang/NoSuchMethodError'{0x0000000082d02eb0}: 'void java.lang.invoke.DirectMethodHandle$Holder.invokeSpecial(java.lang.Object, java.lang.Object, java.lang.Object, int)'> (0x0000000082d02eb0) 
thrown [s\src\hotspot\share\interpreter\linkResolver.cpp, line 784]
Event: 8.062 Thread 0x00000280bdf12870 Exception <a 'java/lang/NoSuchMethodError'{0x00000000855ff810}: 'int java.lang.invoke.DirectMethodHandle$Holder.invokeSpecialIFC(java.lang.Object, java.lang.Object, java.lang.Object)'> (0x00000000855ff810) 
thrown [s\src\hotspot\share\interpreter\linkResolver.cpp, line 784]
Event: 8.123 Thread 0x00000280bdf12870 Exception <a 'java/lang/NoSuchMethodError'{0x000000008519a340}: 'java.lang.Object java.lang.invoke.DirectMethodHandle$Holder.invokeSpecial(java.lang.Object, java.lang.Object, java.lang.Object, java.lang.Object, java.lang.Object, long)'> (0x000000008519a340) 
thrown [s\src\hotspot\share\interpreter\linkResolver.cpp, line 784]
Event: 8.125 Thread 0x00000280bdf12870 Exception <a 'java/lang/NoSuchMethodError'{0x00000000851bb128}: 'void java.lang.invoke.DirectMethodHandle$Holder.invokeStatic(java.lang.Object, java.lang.Object, java.lang.Object, int, java.lang.Object)'> (0x00000000851bb128) 
thrown [s\src\hotspot\share\interpreter\linkResolver.cpp, line 784]
Event: 8.637 Thread 0x00000280bdf12870 Exception <a 'java/lang/NoSuchMethodError'{0x0000000083921d88}: 'java.lang.Object java.lang.invoke.DirectMethodHandle$Holder.newInvokeSpecial(java.lang.Object, java.lang.Object, java.lang.Object, java.lang.Object, int, java.lang.Object)'> (0x0000000083921d88) 
thrown [s\src\hotspot\share\interpreter\linkResolver.cpp, line 784]
Event: 8.637 Thread 0x00000280bdf12870 Exception <a 'java/lang/NoSuchMethodError'{0x000000008392a6d8}: 'java.lang.Object java.lang.invoke.Invokers$Holder.linkToTargetMethod(java.lang.Object, java.lang.Object, java.lang.Object, int, java.lang.Object, java.lang.Object)'> (0x000000008392a6d8) 
thrown [s\src\hotspot\share\interpreter\linkResolver.cpp, line 784]
Event: 9.063 Thread 0x00000280bdf12870 Exception <a 'java/lang/NoSuchMethodError'{0x00000000852fc200}: 'java.lang.Object java.lang.invoke.DirectMethodHandle$Holder.invokeSpecialIFC(java.lang.Object, java.lang.Object, java.lang.Object)'> (0x00000000852fc200) 
thrown [s\src\hotspot\share\interpreter\linkResolver.cpp, line 784]

ZGC Phase Switch (0 events):
No events

VM Operations (20 events):
Event: 8.552 Executing VM operation: ICBufferFull
Event: 8.552 Executing VM operation: ICBufferFull done
Event: 8.735 Executing VM operation: G1CollectForAllocation (G1 Evacuation Pause)
Event: 8.743 Executing VM operation: G1CollectForAllocation (G1 Evacuation Pause) done
Event: 8.923 Executing VM operation: ICBufferFull
Event: 8.923 Executing VM operation: ICBufferFull done
Event: 8.984 Executing VM operation: G1CollectForAllocation (G1 Evacuation Pause)
Event: 8.989 Executing VM operation: G1CollectForAllocation (G1 Evacuation Pause) done
Event: 9.024 Executing VM operation: HandshakeAllThreads (Deoptimize)
Event: 9.024 Executing VM operation: HandshakeAllThreads (Deoptimize) done
Event: 9.024 Executing VM operation: G1PauseRemark
Event: 9.027 Executing VM operation: G1PauseRemark done
Event: 9.041 Executing VM operation: G1PauseCleanup
Event: 9.041 Executing VM operation: G1PauseCleanup done
Event: 9.206 Executing VM operation: G1CollectForAllocation (G1 Evacuation Pause)
Event: 9.209 Executing VM operation: G1CollectForAllocation (G1 Evacuation Pause) done
Event: 9.346 Executing VM operation: G1CollectForAllocation (G1 Evacuation Pause)
Event: 9.349 Executing VM operation: G1CollectForAllocation (G1 Evacuation Pause) done
Event: 9.477 Executing VM operation: G1CollectForAllocation (G1 Evacuation Pause)
Event: 10.494 Executing VM operation: G1CollectForAllocation (G1 Evacuation Pause) done

Memory protections (0 events):
No events

Nmethod flushes (20 events):
Event: 9.027 Thread 0x00000280bc010370 flushing  nmethod 0x00000280a3ebaa90
Event: 9.027 Thread 0x00000280bc010370 flushing  nmethod 0x00000280a3ebb610
Event: 9.027 Thread 0x00000280bc010370 flushing  nmethod 0x00000280a3f1f190
Event: 9.027 Thread 0x00000280bc010370 flushing  nmethod 0x00000280a3f9e790
Event: 9.027 Thread 0x00000280bc010370 flushing  nmethod 0x00000280a3fa0090
Event: 9.027 Thread 0x00000280bc010370 flushing  nmethod 0x00000280a3fa0790
Event: 9.027 Thread 0x00000280bc010370 flushing  nmethod 0x00000280a3fa5890
Event: 9.027 Thread 0x00000280bc010370 flushing  nmethod 0x00000280a3fa5d90
Event: 9.027 Thread 0x00000280bc010370 flushing  nmethod 0x00000280a3fc0d10
Event: 9.027 Thread 0x00000280bc010370 flushing  nmethod 0x00000280a3fc3f90
Event: 9.027 Thread 0x00000280bc010370 flushing  nmethod 0x00000280a3fc5590
Event: 9.027 Thread 0x00000280bc010370 flushing  nmethod 0x00000280a3ff5210
Event: 9.027 Thread 0x00000280bc010370 flushing  nmethod 0x00000280a4026810
Event: 9.027 Thread 0x00000280bc010370 flushing  nmethod 0x00000280a4027710
Event: 9.027 Thread 0x00000280bc010370 flushing  nmethod 0x00000280a4027a90
Event: 9.027 Thread 0x00000280bc010370 flushing  nmethod 0x00000280a402a310
Event: 9.027 Thread 0x00000280bc010370 flushing  nmethod 0x00000280a402ec10
Event: 9.027 Thread 0x00000280bc010370 flushing  nmethod 0x00000280a4116510
Event: 9.027 Thread 0x00000280bc010370 flushing  nmethod 0x00000280a4116d10
Event: 9.027 Thread 0x00000280bc010370 flushing  nmethod 0x00000280a4157810

Events (20 events):
Event: 8.547 Thread 0x00000280bdf12870 Thread added: 0x00000280c098c170
Event: 8.548 Thread 0x00000280bdf12870 Thread added: 0x00000280c098dbb0
Event: 8.548 Thread 0x00000280bdf12870 Thread added: 0x00000280c098bae0
Event: 8.548 Thread 0x00000280bdf12870 Thread added: 0x00000280c098c800
Event: 8.548 Thread 0x00000280bdf12870 Thread added: 0x00000280c098d520
Event: 8.548 Thread 0x00000280bdf12870 Thread added: 0x00000280c098e240
Event: 8.677 Thread 0x00000280bdf12870 Thread added: 0x00000280c098adc0
Event: 8.680 Thread 0x00000280bdf12870 Thread added: 0x00000280c098b450
Event: 8.682 Thread 0x00000280bdf12870 Thread added: 0x00000280c09909a0
Event: 8.685 Thread 0x00000280bdf12870 Thread added: 0x00000280c0990310
Event: 8.689 Thread 0x00000280bdf12870 Thread added: 0x00000280c098e8d0
Event: 8.692 Thread 0x00000280bdf12870 Thread added: 0x00000280c0991030
Event: 8.696 Thread 0x00000280bdf12870 Thread added: 0x00000280c098ef60
Event: 9.064 Thread 0x00000280bdf12870 Thread added: 0x00000280c2214270
Event: 9.065 Thread 0x00000280bdf12870 Thread added: 0x00000280c2216340
Event: 9.066 Thread 0x00000280bdf12870 Thread added: 0x00000280c2213550
Event: 9.067 Thread 0x00000280bdf12870 Thread added: 0x00000280c2214f90
Event: 9.068 Thread 0x00000280bdf12870 Thread added: 0x00000280c2213be0
Event: 9.069 Thread 0x00000280bdf12870 Thread added: 0x00000280c2212ec0
Event: 9.069 Thread 0x00000280bdf12870 Thread added: 0x00000280c22169d0


Dynamic libraries:
0x00007ff7aede0000 - 0x00007ff7aedea000 	C:\Program Files\Android\Android Studio\jbr\bin\java.exe
0x00007ffcb0920000 - 0x00007ffcb0b85000 	C:\WINDOWS\SYSTEM32\ntdll.dll
0x00007ffcafb50000 - 0x00007ffcafc19000 	C:\WINDOWS\System32\KERNEL32.DLL
0x00007ffcadd70000 - 0x00007ffcae158000 	C:\WINDOWS\System32\KERNELBASE.dll
0x00007ffcae370000 - 0x00007ffcae4bb000 	C:\WINDOWS\System32\ucrtbase.dll
0x00007ffc90050000 - 0x00007ffc9006b000 	C:\Program Files\Android\Android Studio\jbr\bin\VCRUNTIME140.dll
0x00007ffcaa0e0000 - 0x00007ffcaa0f8000 	C:\Program Files\Android\Android Studio\jbr\bin\jli.dll
0x00007ffcb0270000 - 0x00007ffcb043a000 	C:\WINDOWS\System32\USER32.dll
0x00007ffc9c730000 - 0x00007ffc9c9ca000 	C:\WINDOWS\WinSxS\amd64_microsoft.windows.common-controls_6595b64144ccf1df_6.0.26100.4202_none_3e0698d4e335f517\COMCTL32.dll
0x00007ffcada70000 - 0x00007ffcada97000 	C:\WINDOWS\System32\win32u.dll
0x00007ffcae750000 - 0x00007ffcae7f9000 	C:\WINDOWS\System32\msvcrt.dll
0x00007ffcb00c0000 - 0x00007ffcb00eb000 	C:\WINDOWS\System32\GDI32.dll
0x00007ffcae4c0000 - 0x00007ffcae5f7000 	C:\WINDOWS\System32\gdi32full.dll
0x00007ffcadaa0000 - 0x00007ffcadb43000 	C:\WINDOWS\System32\msvcp_win.dll
0x00007ffcb0170000 - 0x00007ffcb01a0000 	C:\WINDOWS\System32\IMM32.DLL
0x00007ffca3fc0000 - 0x00007ffca3fcc000 	C:\Program Files\Android\Android Studio\jbr\bin\vcruntime140_1.dll
0x00007ffc85bd0000 - 0x00007ffc85c5d000 	C:\Program Files\Android\Android Studio\jbr\bin\msvcp140.dll
0x00007ffc26890000 - 0x00007ffc2751b000 	C:\Program Files\Android\Android Studio\jbr\bin\server\jvm.dll
0x00007ffcb01b0000 - 0x00007ffcb0263000 	C:\WINDOWS\System32\ADVAPI32.dll
0x00007ffcb0730000 - 0x00007ffcb07d6000 	C:\WINDOWS\System32\sechost.dll
0x00007ffcaf500000 - 0x00007ffcaf615000 	C:\WINDOWS\System32\RPCRT4.dll
0x00007ffcb00f0000 - 0x00007ffcb0164000 	C:\WINDOWS\System32\WS2_32.dll
0x00007ffca7790000 - 0x00007ffca77c5000 	C:\WINDOWS\SYSTEM32\WINMM.dll
0x00007ffcad720000 - 0x00007ffcad77e000 	C:\WINDOWS\SYSTEM32\POWRPROF.dll
0x00007ffca77d0000 - 0x00007ffca77db000 	C:\WINDOWS\SYSTEM32\VERSION.dll
0x00007ffcad700000 - 0x00007ffcad714000 	C:\WINDOWS\SYSTEM32\UMPDC.dll
0x00007ffcac830000 - 0x00007ffcac84b000 	C:\WINDOWS\SYSTEM32\kernel.appcore.dll
0x00007ffc8eed0000 - 0x00007ffc8eeda000 	C:\Program Files\Android\Android Studio\jbr\bin\jimage.dll
0x00007ffca1a00000 - 0x00007ffca1c41000 	C:\WINDOWS\SYSTEM32\DBGHELP.DLL
0x00007ffcaf7c0000 - 0x00007ffcafb45000 	C:\WINDOWS\System32\combase.dll
0x00007ffcaf620000 - 0x00007ffcaf701000 	C:\WINDOWS\System32\OLEAUT32.dll
0x00007ffc90390000 - 0x00007ffc903c9000 	C:\WINDOWS\SYSTEM32\dbgcore.DLL
0x00007ffcadcd0000 - 0x00007ffcadd69000 	C:\WINDOWS\System32\bcryptPrimitives.dll
0x00007ffcaa0d0000 - 0x00007ffcaa0de000 	C:\Program Files\Android\Android Studio\jbr\bin\instrument.dll
0x00007ffc8eeb0000 - 0x00007ffc8eed0000 	C:\Program Files\Android\Android Studio\jbr\bin\java.dll
0x00007ffc8c310000 - 0x00007ffc8c328000 	C:\Program Files\Android\Android Studio\jbr\bin\zip.dll
0x00007ffcaedb0000 - 0x00007ffcaf4f2000 	C:\WINDOWS\System32\SHELL32.dll
0x00007ffcadb50000 - 0x00007ffcadcc4000 	C:\WINDOWS\System32\wintypes.dll
0x00007ffcab6d0000 - 0x00007ffcabf28000 	C:\WINDOWS\SYSTEM32\windows.storage.dll
0x00007ffcb07e0000 - 0x00007ffcb08d1000 	C:\WINDOWS\System32\SHCORE.dll
0x00007ffcaf710000 - 0x00007ffcaf77a000 	C:\WINDOWS\System32\shlwapi.dll
0x00007ffcad980000 - 0x00007ffcad9af000 	C:\WINDOWS\SYSTEM32\profapi.dll
0x00007ffc8c300000 - 0x00007ffc8c310000 	C:\Program Files\Android\Android Studio\jbr\bin\net.dll
0x00007ffca4530000 - 0x00007ffca464e000 	C:\WINDOWS\SYSTEM32\WINHTTP.dll
0x00007ffcacda0000 - 0x00007ffcace0a000 	C:\WINDOWS\system32\mswsock.dll
0x00007ffc8c2e0000 - 0x00007ffc8c2f6000 	C:\Program Files\Android\Android Studio\jbr\bin\nio.dll
0x00007ffca7c20000 - 0x00007ffca7c30000 	C:\Program Files\Android\Android Studio\jbr\bin\verify.dll
0x00007ffca88d0000 - 0x00007ffca88f7000 	C:\Users\User\AndroidStudioProjects\LatNavigation\native\c067742578af261105cb4f569cf0c3c89f3d7b1fecec35dd04571415982c5e48\windows-amd64\native-platform.dll
0x00007ffc85a80000 - 0x00007ffc85bc4000 	C:\Users\User\AndroidStudioProjects\LatNavigation\native\100fb08df4bc3b14c8652ba06237920a3bd2aa13389f12d3474272988ae205f9\windows-amd64\native-platform-file-events.dll
0x00007ffc9e490000 - 0x00007ffc9e499000 	C:\Program Files\Android\Android Studio\jbr\bin\management.dll
0x00007ffc8c2d0000 - 0x00007ffc8c2db000 	C:\Program Files\Android\Android Studio\jbr\bin\management_ext.dll
0x00007ffcae740000 - 0x00007ffcae748000 	C:\WINDOWS\System32\PSAPI.DLL
0x00007ffcad050000 - 0x00007ffcad06b000 	C:\WINDOWS\SYSTEM32\CRYPTSP.dll
0x00007ffcac790000 - 0x00007ffcac7ca000 	C:\WINDOWS\system32\rsaenh.dll
0x00007ffcace40000 - 0x00007ffcace6b000 	C:\WINDOWS\SYSTEM32\USERENV.dll
0x00007ffcad950000 - 0x00007ffcad976000 	C:\WINDOWS\SYSTEM32\bcrypt.dll
0x00007ffcad070000 - 0x00007ffcad07c000 	C:\WINDOWS\SYSTEM32\CRYPTBASE.dll
0x00007ffcac240000 - 0x00007ffcac273000 	C:\WINDOWS\SYSTEM32\IPHLPAPI.DLL
0x00007ffcaf7b0000 - 0x00007ffcaf7ba000 	C:\WINDOWS\System32\NSI.dll
0x00007ffc9e4a0000 - 0x00007ffc9e4a9000 	C:\Program Files\Android\Android Studio\jbr\bin\extnet.dll
0x00007ffc97760000 - 0x00007ffc97768000 	C:\WINDOWS\system32\wshunix.dll

dbghelp: loaded successfully - version: 4.0.5 - missing functions: none
symbol engine: initialized successfully - sym options: 0x614 - pdb path: .;C:\Program Files\Android\Android Studio\jbr\bin;C:\WINDOWS\SYSTEM32;C:\WINDOWS\WinSxS\amd64_microsoft.windows.common-controls_6595b64144ccf1df_6.0.26100.4202_none_3e0698d4e335f517;C:\Program Files\Android\Android Studio\jbr\bin\server;C:\Users\User\AndroidStudioProjects\LatNavigation\native\c067742578af261105cb4f569cf0c3c89f3d7b1fecec35dd04571415982c5e48\windows-amd64;C:\Users\User\AndroidStudioProjects\LatNavigation\native\100fb08df4bc3b14c8652ba06237920a3bd2aa13389f12d3474272988ae205f9\windows-amd64

VM Arguments:
jvm_args: --add-opens=java.base/java.lang=ALL-UNNAMED --add-opens=java.base/java.lang.invoke=ALL-UNNAMED --add-opens=java.base/java.util=ALL-UNNAMED --add-opens=java.prefs/java.util.prefs=ALL-UNNAMED --add-exports=jdk.compiler/com.sun.tools.javac.api=ALL-UNNAMED --add-exports=jdk.compiler/com.sun.tools.javac.util=ALL-UNNAMED --add-opens=java.base/java.util=ALL-UNNAMED --add-opens=java.prefs/java.util.prefs=ALL-UNNAMED --add-opens=java.base/java.nio.charset=ALL-UNNAMED --add-opens=java.base/java.net=ALL-UNNAMED --add-opens=java.base/java.util.concurrent.atomic=ALL-UNNAMED --add-opens=java.xml/javax.xml.namespace=ALL-UNNAMED -Xmx2048m -Dfile.encoding=UTF-8 -Duser.country=ID -Duser.language=en -Duser.variant -javaagent:C:\Users\User\AndroidStudioProjects\LatNavigation\wrapper\dists\gradle-8.11.1-bin\bpt9gzteqjrbo1mjrsomdt32c\gradle-8.11.1\lib\agents\gradle-instrumentation-agent-8.11.1.jar 
java_command: org.gradle.launcher.daemon.bootstrap.GradleDaemon 8.11.1
java_class_path (initial): C:\Users\User\AndroidStudioProjects\LatNavigation\wrapper\dists\gradle-8.11.1-bin\bpt9gzteqjrbo1mjrsomdt32c\gradle-8.11.1\lib\gradle-daemon-main-8.11.1.jar
Launcher Type: SUN_STANDARD

[Global flags]
     intx CICompilerCount                          = 4                                         {product} {ergonomic}
     uint ConcGCThreads                            = 2                                         {product} {ergonomic}
     uint G1ConcRefinementThreads                  = 8                                         {product} {ergonomic}
   size_t G1HeapRegionSize                         = 1048576                                   {product} {ergonomic}
    uintx GCDrainStackTargetSize                   = 64                                        {product} {ergonomic}
   size_t InitialHeapSize                          = 121634816                                 {product} {ergonomic}
   size_t MarkStackSize                            = 4194304                                   {product} {ergonomic}
   size_t MaxHeapSize                              = 2147483648                                {product} {command line}
   size_t MaxNewSize                               = 1287651328                                {product} {ergonomic}
   size_t MinHeapDeltaBytes                        = 1048576                                   {product} {ergonomic}
   size_t MinHeapSize                              = 8388608                                   {product} {ergonomic}
    uintx NonNMethodCodeHeapSize                   = 5839372                                {pd product} {ergonomic}
    uintx NonProfiledCodeHeapSize                  = 122909434                              {pd product} {ergonomic}
    uintx ProfiledCodeHeapSize                     = 122909434                              {pd product} {ergonomic}
    uintx ReservedCodeCacheSize                    = 251658240                              {pd product} {ergonomic}
     bool SegmentedCodeCache                       = true                                      {product} {ergonomic}
   size_t SoftMaxHeapSize                          = 2147483648                             {manageable} {ergonomic}
     bool UseCompressedOops                        = true                           {product lp64_product} {ergonomic}
     bool UseG1GC                                  = true                                      {product} {ergonomic}
     bool UseLargePagesIndividualAllocation        = false                                  {pd product} {ergonomic}

Logging:
Log output configuration:
 #0: stdout all=warning uptime,level,tags foldmultilines=false
 #1: stderr all=off uptime,level,tags foldmultilines=false

Environment Variables:
PATH=C:\Program Files\Java\jdk-22;%JAVA_HOME%\bin;C:\WINDOWS\system32;C:\WINDOWS;C:\WINDOWS\System32\Wbem;C:\WINDOWS\System32\WindowsPowerShell\v1.0\;C:\WINDOWS\System32\OpenSSH\;C:\Program Files\Git\cmd;C:\Program Files (x86)\gradle-8.9\bin;%JAVA_HOME%\bin;%JAVA_HOME%\bin;C:\Users\User\AppData\Local\Android\Sdk\cmdline-tools\bin;C:\Users\User\Downloads\jdk-22_windows-x64_bin\jdk-22.0.1\bin;C:\Users\User\Downloads\flutter_windows_3.29.0-stable\flutter\bin;C:\Users\User\AppData\Local\Programs\Python\Python312\;C:\Users\User\AppData\Local\Programs\Python\Launcher\;C:\Users\User\AppData\Local\Microsoft\WindowsApps;C:\Users\User\AppData\Local\Programs\Microsoft VS Code\bin;C:\Users\User\AppData\Local\Programs\Python\Python312\;C:\Users\User\AppData\Local\Programs\Python\Python312\Scripts\;
USERNAME=User
OS=Windows_NT
PROCESSOR_IDENTIFIER=AMD64 Family 23 Model 160 Stepping 0, AuthenticAMD
TMP=C:\Users\User\AppData\Local\Temp
TEMP=C:\Users\User\AppData\Local\Temp




Periodic native trim disabled

JNI global refs:
JNI global refs: 29, weak refs: 12

JNI global refs memory usage: 835, weak refs: 833

Process memory usage:
Resident Set Size: 294096K (3% of 7591164K total physical memory with 510104K free physical memory)

OOME stack traces (most recent first):
Classloader memory used:
Loader org.gradle.internal.classloader.VisitableURLClassLoader                         : 33464K
Loader bootstrap                                                                       : 22786K
Loader org.gradle.initialization.MixInLegacyTypesClassLoader                           : 9489K
Loader jdk.internal.loader.ClassLoaders$PlatformClassLoader                            : 497K
Loader jdk.internal.loader.ClassLoaders$AppClassLoader                                 : 234K
Loader org.gradle.internal.classloader.VisitableURLClassLoader                         : 112K
Loader jdk.internal.reflect.DelegatingClassLoader                                      : 82560B

Classes loaded by more than one classloader:
Class Program                                                                         : loaded 3 times (x 68B)
Class org.gradle.internal.classloader.ClassLoaderHierarchy                            : loaded 2 times (x 66B)
Class org.gradle.api.internal.classpath.ManifestUtil                                  : loaded 2 times (x 67B)
Class org.gradle.internal.classloader.DefaultClassLoaderFactory                       : loaded 2 times (x 78B)
Class org.gradle.internal.classloader.ClassLoaderVisitor                              : loaded 2 times (x 72B)
Class org.gradle.api.internal.classpath.EffectiveClassPath                            : loaded 2 times (x 86B)
Class org.gradle.api.internal.DefaultClassPathProvider                                : loaded 2 times (x 72B)
Class [Lorg.gradle.api.internal.ClassPathProvider;                                    : loaded 2 times (x 65B)
Class org.gradle.api.internal.ClassPathProvider                                       : loaded 2 times (x 66B)
Class org.gradle.internal.service.UnknownServiceException                             : loaded 2 times (x 79B)
Class org.gradle.internal.classpath.TransformedClassPath                              : loaded 2 times (x 92B)
Class org.gradle.internal.classloader.InstrumentingClassLoader                        : loaded 2 times (x 66B)
Class org.gradle.internal.service.ServiceLocator                                      : loaded 2 times (x 66B)
Class org.gradle.internal.InternalTransformer                                         : loaded 2 times (x 66B)
Class org.gradle.internal.classloader.ClasspathUtil$1                                 : loaded 2 times (x 72B)
Class org.gradle.api.internal.classpath.DefaultModuleRegistry$DefaultModule           : loaded 2 times (x 82B)
Class org.gradle.api.internal.classpath.Module                                        : loaded 2 times (x 66B)
Class org.gradle.api.internal.classpath.UnknownModuleException                        : loaded 2 times (x 78B)
Class org.gradle.api.internal.DefaultClassPathRegistry                                : loaded 2 times (x 72B)
Class org.gradle.api.internal.ClassPathRegistry                                       : loaded 2 times (x 66B)
Class org.gradle.internal.classpath.DefaultClassPath$ImmutableUniqueList              : loaded 2 times (x 195B)
Class org.gradle.internal.classloader.FilteringClassLoader                            : loaded 2 times (x 101B)
Class Settings_gradle$1                                                               : loaded 2 times (x 70B)
Class org.gradle.internal.classpath.ClassPath                                         : loaded 2 times (x 66B)
Class org.gradle.api.UncheckedIOException                                             : loaded 2 times (x 78B)
Class org.gradle.internal.installation.GradleInstallation$1                           : loaded 2 times (x 71B)
Class org.gradle.api.internal.classpath.ModuleRegistry                                : loaded 2 times (x 66B)
Class org.gradle.api.internal.classpath.DefaultModuleRegistry                         : loaded 2 times (x 82B)
Class org.gradle.internal.service.ServiceLookupException                              : loaded 2 times (x 78B)
Class org.gradle.internal.classloader.ClassLoaderFactory                              : loaded 2 times (x 66B)
Class org.gradle.internal.service.CachingServiceLocator                               : loaded 2 times (x 78B)
Class org.gradle.internal.classloader.ClasspathUtil                                   : loaded 2 times (x 67B)
Class org.gradle.api.specs.Spec                                                       : loaded 2 times (x 66B)
Class org.gradle.internal.classloader.VisitableURLClassLoader$InstrumentingVisitableURLClassLoader: loaded 2 times (x 119B)
Class org.gradle.internal.classloader.VisitableURLClassLoader$Spec                    : loaded 2 times (x 70B)
Class org.gradle.internal.classpath.DefaultClassPath                                  : loaded 2 times (x 86B)
Class org.gradle.internal.classloader.ClassLoaderSpec                                 : loaded 2 times (x 67B)
Class Settings_gradle$1$1                                                             : loaded 2 times (x 70B)
Class org.gradle.internal.classloader.VisitableURLClassLoader                         : loaded 2 times (x 113B)
Class Settings_gradle                                                                 : loaded 2 times (x 124B)
Class org.gradle.internal.Cast                                                        : loaded 2 times (x 67B)
Class org.gradle.api.Action                                                           : loaded 2 times (x 66B)
Class org.gradle.internal.classpath.DefaultClassPath$ImmutableUniqueList$Builder      : loaded 2 times (x 71B)
Class org.gradle.api.GradleException                                                  : loaded 2 times (x 78B)
Class org.gradle.internal.IoActions                                                   : loaded 2 times (x 67B)
Class org.gradle.internal.classloader.SystemClassLoaderSpec                           : loaded 2 times (x 67B)
Class org.gradle.api.internal.classpath.GlobalCacheRootsProvider                      : loaded 2 times (x 66B)
Class org.gradle.internal.installation.CurrentGradleInstallationLocator               : loaded 2 times (x 67B)
Class org.gradle.internal.service.DefaultServiceLocator                               : loaded 2 times (x 79B)
Class org.gradle.internal.installation.CurrentGradleInstallation                      : loaded 2 times (x 69B)
Class org.gradle.util.internal.GUtil                                                  : loaded 2 times (x 67B)
Class org.gradle.internal.installation.GradleInstallation                             : loaded 2 times (x 71B)

---------------  S Y S T E M  ---------------

OS:
 Windows 11 , 64 bit Build 26100 (10.0.26100.4202)
OS uptime: 0 days 7:58 hours
Hyper-V role detected

CPU: total 8 (initial active 8) (8 cores per cpu, 2 threads per core) family 23 model 160 stepping 0 microcode 0x8a00006, cx8, cmov, fxsr, ht, mmx, 3dnowpref, sse, sse2, sse3, ssse3, sse4a, sse4.1, sse4.2, popcnt, lzcnt, tsc, tscinvbit, avx, avx2, aes, clmul, bmi1, bmi2, adx, sha, fma, vzeroupper, clflush, clflushopt, hv, rdtscp, rdpid, f16c
Processor Information for the first 8 processors :
  Max Mhz: 2401, Current Mhz: 2401, Mhz Limit: 2401

Memory: 4k page, system-wide physical 7413M (496M free)
TotalPageFile size 15605M (AvailPageFile size 11M)
current process WorkingSet (physical memory assigned to process): 289M, peak: 297M
current process commit charge ("private bytes"): 544M, peak: 544M

vm_info: OpenJDK 64-Bit Server VM (21.0.6+-13368085-b895.109) for windows-amd64 JRE (21.0.6+-13368085-b895.109), built on 2025-04-16T17:01:31Z by "builder" with MS VC++ 16.10 / 16.11 (VS2019)

END.
