#
# There is insufficient memory for the Java Runtime Environment to continue.
# Native memory allocation (malloc) failed to allocate 1048576 bytes. Error detail: AllocateHeap
# Possible reasons:
#   The system is out of physical RAM or swap space
#   This process is running with CompressedOops enabled, and the Java Heap may be blocking the growth of the native heap
# Possible solutions:
#   Reduce memory load on the system
#   Increase physical memory or swap space
#   Check if swap backing store is full
#   Decrease Java heap size (-Xmx/-Xms)
#   Decrease number of Java threads
#   Decrease Java thread stack sizes (-Xss)
#   Set larger code cache with -XX:ReservedCodeCacheSize=
#   JVM is running with Unscaled Compressed Oops mode in which the Java heap is
#     placed in the first 4GB address space. The Java Heap base address is the
#     maximum limit for the native heap growth. Please use -XX:HeapBaseMinAddress
#     to set the Java Heap base and to place the Java Heap above 4GB virtual address.
# This output file may be truncated or incomplete.
#
#  Out of Memory Error (allocation.cpp:44), pid=16716, tid=6608
#
# JRE version:  (21.0.6) (build )
# Java VM: OpenJDK 64-Bit Server VM (21.0.6+-13368085-b895.109, mixed mode, sharing, tiered, compressed oops, compressed class ptrs, g1 gc, windows-amd64)
# No core dump will be written. Minidumps are not enabled by default on client versions of Windows
#

---------------  S U M M A R Y ------------

Command Line: -Dapplication.home=C:\Program Files\Android\Android Studio\jbr --add-modules=ALL-DEFAULT -Xms8m -Djdk.module.main=jdk.jlink jdk.jlink/jdk.tools.jlink.internal.Main --version

Host: AMD Ryzen 3 7320U with Radeon Graphics         , 8 cores, 7G,  Windows 11 , 64 bit Build 26100 (10.0.26100.4202)
Time: Wed Jun 18 02:38:33 2025 SE Asia Standard Time elapsed time: 1.030573 seconds (0d 0h 0m 1s)

---------------  T H R E A D  ---------------

Current thread (0x00000262904ccaf0):  JavaThread "Unknown thread" [_thread_in_vm, id=6608, stack(0x00000075dca00000,0x00000075dcb00000) (1024K)]

Stack: [0x00000075dca00000,0x00000075dcb00000]
Native frames: (J=compiled Java code, j=interpreted, Vv=VM code, C=native code)
V  [jvm.dll+0x6d0639]
V  [jvm.dll+0x85eb03]
V  [jvm.dll+0x86105e]
V  [jvm.dll+0x861743]
V  [jvm.dll+0x27e6e6]
V  [jvm.dll+0xba6e7]
V  [jvm.dll+0x330105]
V  [jvm.dll+0x3286f1]
V  [jvm.dll+0x826549]
V  [jvm.dll+0x3bc158]
V  [jvm.dll+0x80f7f8]
V  [jvm.dll+0x45035e]
V  [jvm.dll+0x451ac1]
C  [jli.dll+0x52ab]
C  [ucrtbase.dll+0x37b0]
C  [KERNEL32.DLL+0x2e8d7]
C  [ntdll.dll+0x3c34c]


---------------  P R O C E S S  ---------------

Threads class SMR info:
_java_thread_list=0x00007ff8fb871848, length=0, elements={
}

Java Threads: ( => current thread )
Total: 0

Other Threads:
  0x00000262928a58c0 WorkerThread "GC Thread#0"                     [id=18004, stack(0x00000075dcb00000,0x00000075dcc00000) (1024K)]

[error occurred during error reporting (printing all threads), id 0xc0000005, EXCEPTION_ACCESS_VIOLATION (0xc0000005) at pc=0x00007ff8fb064c30]
VM state: not at safepoint (not fully initialized)

VM Mutex/Monitor currently owned by a thread:  ([mutex/lock_event])
[0x00007ff8fb8de4a0] Heap_lock - owner thread: 0x00000262904ccaf0

Heap address: 0x000000008c200000, size: 1854 MB, Compressed Oops mode: 32-bit

CDS archive(s) mapped at: [0x0000000000000000-0x0000000000000000-0x0000000000000000), size 0, SharedBaseAddress: 0x0000000800000000, ArchiveRelocationMode: 1.
Narrow klass base: 0x0000000000000000, Narrow klass shift: 0, Narrow klass range: 0x0

GC Precious Log:
 CardTable entry size: 512
 Card Set container configuration: InlinePtr #cards 5 size 8 Array Of Cards #cards 12 size 40 Howl #buckets 4 coarsen threshold 1843 Howl Bitmap #cards 512 size 80 coarsen threshold 460 Card regions per heap region 1 cards per card region 2048

Heap:
 garbage-first heap   total 0K, used 0K [0x000000008c200000, 0x0000000100000000)
  region size 1024K, 0 young (0K), 0 survivors (0K)
 Metaspace       used 0K, committed 0K, reserved 0K
  class space    used 0K, committed 0K, reserved 0K

Heap Regions: E=young(eden), S=young(survivor), O=old, HS=humongous(starts), HC=humongous(continues), CS=collection set, F=free, TAMS=top-at-mark-start, PB=parsable bottom

Card table byte_map: [0x00000262a5080000,0x00000262a5420000] _byte_map_base: 0x00000262a4c1f000

GC Heap History (0 events):
No events

Dll operation events (1 events):
Event: 0.017 Loaded shared library C:\Program Files\Android\Android Studio\jbr\bin\java.dll

Deoptimization events (0 events):
No events

Classes loaded (0 events):
No events

Classes unloaded (0 events):
No events

Classes redefined (0 events):
No events

Internal exceptions (0 events):
No events

ZGC Phase Switch (0 events):
No events

VM Operations (0 events):
No events

Memory protections (0 events):
No events

Nmethod flushes (0 events):
No events

Events (0 events):
No events


Dynamic libraries:
0x00007ff6e5880000 - 0x00007ff6e5888000 	C:\Program Files\Android\Android Studio\jbr\bin\jlink.exe
0x00007ff935ee0000 - 0x00007ff936145000 	C:\WINDOWS\SYSTEM32\ntdll.dll
0x00007ff934a80000 - 0x00007ff934b49000 	C:\WINDOWS\System32\KERNEL32.DLL
0x00007ff9333f0000 - 0x00007ff9337d8000 	C:\WINDOWS\System32\KERNELBASE.dll
0x00007ff9337e0000 - 0x00007ff93392b000 	C:\WINDOWS\System32\ucrtbase.dll
0x00007ff91d770000 - 0x00007ff91d788000 	C:\Program Files\Android\Android Studio\jbr\bin\jli.dll
0x00007ff92e1d0000 - 0x00007ff92e1eb000 	C:\Program Files\Android\Android Studio\jbr\bin\VCRUNTIME140.dll
0x00007ff935400000 - 0x00007ff9355ca000 	C:\WINDOWS\System32\USER32.dll
0x00007ff933b00000 - 0x00007ff933b27000 	C:\WINDOWS\System32\win32u.dll
0x00007ff9349a0000 - 0x00007ff9349cb000 	C:\WINDOWS\System32\GDI32.dll
0x00007ff921ce0000 - 0x00007ff921f7a000 	C:\WINDOWS\WinSxS\amd64_microsoft.windows.common-controls_6595b64144ccf1df_6.0.26100.4202_none_3e0698d4e335f517\COMCTL32.dll
0x00007ff9339c0000 - 0x00007ff933af7000 	C:\WINDOWS\System32\gdi32full.dll
0x00007ff935260000 - 0x00007ff935309000 	C:\WINDOWS\System32\msvcrt.dll
0x00007ff933bd0000 - 0x00007ff933c73000 	C:\WINDOWS\System32\msvcp_win.dll
0x00007ff935e50000 - 0x00007ff935e80000 	C:\WINDOWS\System32\IMM32.DLL
0x00007ff929510000 - 0x00007ff92951c000 	C:\Program Files\Android\Android Studio\jbr\bin\vcruntime140_1.dll
0x00007ff8de1d0000 - 0x00007ff8de25d000 	C:\Program Files\Android\Android Studio\jbr\bin\msvcp140.dll
0x00007ff8fad30000 - 0x00007ff8fb9bb000 	C:\Program Files\Android\Android Studio\jbr\bin\server\jvm.dll
0x00007ff9348e0000 - 0x00007ff934993000 	C:\WINDOWS\System32\ADVAPI32.dll
0x00007ff934580000 - 0x00007ff934626000 	C:\WINDOWS\System32\sechost.dll
0x00007ff9341b0000 - 0x00007ff9342c5000 	C:\WINDOWS\System32\RPCRT4.dll
0x00007ff9346f0000 - 0x00007ff934764000 	C:\WINDOWS\System32\WS2_32.dll
0x00007ff92bcd0000 - 0x00007ff92bcdb000 	C:\WINDOWS\SYSTEM32\VERSION.dll
0x00007ff92bc90000 - 0x00007ff92bcc5000 	C:\WINDOWS\SYSTEM32\WINMM.dll
0x00007ff932ce0000 - 0x00007ff932d3e000 	C:\WINDOWS\SYSTEM32\POWRPROF.dll
0x00007ff932cc0000 - 0x00007ff932cd4000 	C:\WINDOWS\SYSTEM32\UMPDC.dll
0x00007ff931df0000 - 0x00007ff931e0b000 	C:\WINDOWS\SYSTEM32\kernel.appcore.dll
0x00007ff929300000 - 0x00007ff92930a000 	C:\Program Files\Android\Android Studio\jbr\bin\jimage.dll
0x00007ff926fc0000 - 0x00007ff927201000 	C:\WINDOWS\SYSTEM32\DBGHELP.DLL
0x00007ff933d20000 - 0x00007ff9340a5000 	C:\WINDOWS\System32\combase.dll
0x00007ff935310000 - 0x00007ff9353f1000 	C:\WINDOWS\System32\OLEAUT32.dll
0x00007ff930000000 - 0x00007ff930039000 	C:\WINDOWS\SYSTEM32\dbgcore.DLL
0x00007ff933b30000 - 0x00007ff933bc9000 	C:\WINDOWS\System32\bcryptPrimitives.dll
0x00007ff9258a0000 - 0x00007ff9258c0000 	C:\Program Files\Android\Android Studio\jbr\bin\java.dll

dbghelp: loaded successfully - version: 4.0.5 - missing functions: none
symbol engine: initialized successfully - sym options: 0x614 - pdb path: .;C:\Program Files\Android\Android Studio\jbr\bin;C:\WINDOWS\SYSTEM32;C:\WINDOWS\WinSxS\amd64_microsoft.windows.common-controls_6595b64144ccf1df_6.0.26100.4202_none_3e0698d4e335f517;C:\Program Files\Android\Android Studio\jbr\bin\server

VM Arguments:
jvm_args: -Dapplication.home=C:\Program Files\Android\Android Studio\jbr --add-modules=ALL-DEFAULT -Xms8m -Djdk.module.main=jdk.jlink 
java_command: jdk.jlink/jdk.tools.jlink.internal.Main --version
java_class_path (initial): <not set>
Launcher Type: SUN_STANDARD

[Global flags]
     intx CICompilerCount                          = 4                                         {product} {ergonomic}
     uint ConcGCThreads                            = 2                                         {product} {ergonomic}
     uint G1ConcRefinementThreads                  = 8                                         {product} {ergonomic}
   size_t G1HeapRegionSize                         = 1048576                                   {product} {ergonomic}
    uintx GCDrainStackTargetSize                   = 64                                        {product} {ergonomic}
   size_t InitialHeapSize                          = 8388608                                   {product} {command line}
   size_t MarkStackSize                            = 4194304                                   {product} {ergonomic}
   size_t MaxHeapSize                              = 1944059904                                {product} {ergonomic}
   size_t MinHeapDeltaBytes                        = 1048576                                   {product} {ergonomic}
   size_t MinHeapSize                              = 8388608                                   {product} {command line}
    uintx NonNMethodCodeHeapSize                   = 5839372                                {pd product} {ergonomic}
    uintx NonProfiledCodeHeapSize                  = 122909434                              {pd product} {ergonomic}
    uintx ProfiledCodeHeapSize                     = 122909434                              {pd product} {ergonomic}
    uintx ReservedCodeCacheSize                    = 251658240                              {pd product} {ergonomic}
     bool SegmentedCodeCache                       = true                                      {product} {ergonomic}
   size_t SoftMaxHeapSize                          = 1944059904                             {manageable} {ergonomic}
     bool UseCompressedOops                        = true                           {product lp64_product} {ergonomic}
     bool UseG1GC                                  = true                                      {product} {ergonomic}
     bool UseLargePagesIndividualAllocation        = false                                  {pd product} {ergonomic}

Logging:
Log output configuration:
 #0: stdout all=warning uptime,level,tags foldmultilines=false
 #1: stderr all=off uptime,level,tags foldmultilines=false

Environment Variables:
PATH=C:\Program Files\Java\jdk-22;%JAVA_HOME%\bin;C:\WINDOWS\system32;C:\WINDOWS;C:\WINDOWS\System32\Wbem;C:\WINDOWS\System32\WindowsPowerShell\v1.0\;C:\WINDOWS\System32\OpenSSH\;C:\Program Files\Git\cmd;C:\Program Files (x86)\gradle-8.9\bin;%JAVA_HOME%\bin;%JAVA_HOME%\bin;C:\Users\User\AppData\Local\Android\Sdk\cmdline-tools\bin;C:\Users\User\Downloads\jdk-22_windows-x64_bin\jdk-22.0.1\bin;C:\Users\User\Downloads\flutter_windows_3.29.0-stable\flutter\bin;C:\Users\User\AppData\Local\Programs\Python\Python312\;C:\Users\User\AppData\Local\Programs\Python\Launcher\;C:\Users\User\AppData\Local\Microsoft\WindowsApps;C:\Users\User\AppData\Local\Programs\Microsoft VS Code\bin;C:\Users\User\AppData\Local\Programs\Python\Python312\;C:\Users\User\AppData\Local\Programs\Python\Python312\Scripts\;
USERNAME=User
OS=Windows_NT
PROCESSOR_IDENTIFIER=AMD64 Family 23 Model 160 Stepping 0, AuthenticAMD
TMP=C:\Users\User\AppData\Local\Temp
TEMP=C:\Users\User\AppData\Local\Temp




Periodic native trim disabled

JNI global refs:
JNI global refs: 0, weak refs: 0

JNI global refs memory usage: 0, weak refs: 0

Process memory usage:
Resident Set Size: 12576K (0% of 7591164K total physical memory with 489056K free physical memory)

OOME stack traces (most recent first):
Classloader memory used:

---------------  S Y S T E M  ---------------

OS:
 Windows 11 , 64 bit Build 26100 (10.0.26100.4202)
OS uptime: 0 days 3:19 hours
Hyper-V role detected

CPU: total 8 (initial active 8) (8 cores per cpu, 2 threads per core) family 23 model 160 stepping 0 microcode 0x8a00006, cx8, cmov, fxsr, ht, mmx, 3dnowpref, sse, sse2, sse3, ssse3, sse4a, sse4.1, sse4.2, popcnt, lzcnt, tsc, tscinvbit, avx, avx2, aes, clmul, bmi1, bmi2, adx, sha, fma, vzeroupper, clflush, clflushopt, hv, rdtscp, rdpid, f16c
Processor Information for the first 8 processors :
  Max Mhz: 2401, Current Mhz: 2401, Mhz Limit: 2401

Memory: 4k page, system-wide physical 7413M (477M free)
TotalPageFile size 15605M (AvailPageFile size 19M)
current process WorkingSet (physical memory assigned to process): 12M, peak: 12M
current process commit charge ("private bytes"): 56M, peak: 57M

vm_info: OpenJDK 64-Bit Server VM (21.0.6+-13368085-b895.109) for windows-amd64 JRE (21.0.6+-13368085-b895.109), built on 2025-04-16T17:01:31Z by "builder" with MS VC++ 16.10 / 16.11 (VS2019)

END.
